Apache Maven 3.9.10 (5f519b97e944483d878815739f519b2eade0a91d)
Maven home: C:\Users\newli\.m2\wrapper\dists\apache-maven-3.9.10\a38810a491b03367137adfdfbe7d14c4
Java version: 21.0.7, vendor: Oracle Corporation, runtime: C:\Users\newli\Downloads\jdk-21_windows-x64_bin\jdk-21.0.7
Default locale: en_US, platform encoding: UTF-8
OS name: "windows 11", version: "10.0", arch: "amd64", family: "windows"
[DEBUG] Created new class realm maven.api
[DEBUG] Importing foreign packages into class realm maven.api
[DEBUG]   Imported: javax.annotation.* < plexus.core
[DEBUG]   Imported: javax.annotation.security.* < plexus.core
[DEBUG]   Imported: javax.inject.* < plexus.core
[DEBUG]   Imported: org.apache.maven.* < plexus.core
[DEBUG]   Imported: org.apache.maven.artifact < plexus.core
[DEBUG]   Imported: org.apache.maven.classrealm < plexus.core
[DEBUG]   Imported: org.apache.maven.cli < plexus.core
[DEBUG]   Imported: org.apache.maven.configuration < plexus.core
[DEBUG]   Imported: org.apache.maven.exception < plexus.core
[DEBUG]   Imported: org.apache.maven.execution < plexus.core
[DEBUG]   Imported: org.apache.maven.execution.scope < plexus.core
[DEBUG]   Imported: org.apache.maven.graph < plexus.core
[DEBUG]   Imported: org.apache.maven.lifecycle < plexus.core
[DEBUG]   Imported: org.apache.maven.model < plexus.core
[DEBUG]   Imported: org.apache.maven.monitor < plexus.core
[DEBUG]   Imported: org.apache.maven.plugin < plexus.core
[DEBUG]   Imported: org.apache.maven.profiles < plexus.core
[DEBUG]   Imported: org.apache.maven.project < plexus.core
[DEBUG]   Imported: org.apache.maven.reporting < plexus.core
[DEBUG]   Imported: org.apache.maven.repository < plexus.core
[DEBUG]   Imported: org.apache.maven.rtinfo < plexus.core
[DEBUG]   Imported: org.apache.maven.settings < plexus.core
[DEBUG]   Imported: org.apache.maven.toolchain < plexus.core
[DEBUG]   Imported: org.apache.maven.usability < plexus.core
[DEBUG]   Imported: org.apache.maven.wagon.* < plexus.core
[DEBUG]   Imported: org.apache.maven.wagon.authentication < plexus.core
[DEBUG]   Imported: org.apache.maven.wagon.authorization < plexus.core
[DEBUG]   Imported: org.apache.maven.wagon.events < plexus.core
[DEBUG]   Imported: org.apache.maven.wagon.observers < plexus.core
[DEBUG]   Imported: org.apache.maven.wagon.proxy < plexus.core
[DEBUG]   Imported: org.apache.maven.wagon.repository < plexus.core
[DEBUG]   Imported: org.apache.maven.wagon.resource < plexus.core
[DEBUG]   Imported: org.codehaus.classworlds < plexus.core
[DEBUG]   Imported: org.codehaus.plexus.* < plexus.core
[DEBUG]   Imported: org.codehaus.plexus.classworlds < plexus.core
[DEBUG]   Imported: org.codehaus.plexus.component < plexus.core
[DEBUG]   Imported: org.codehaus.plexus.configuration < plexus.core
[DEBUG]   Imported: org.codehaus.plexus.container < plexus.core
[DEBUG]   Imported: org.codehaus.plexus.context < plexus.core
[DEBUG]   Imported: org.codehaus.plexus.lifecycle < plexus.core
[DEBUG]   Imported: org.codehaus.plexus.logging < plexus.core
[DEBUG]   Imported: org.codehaus.plexus.personality < plexus.core
[DEBUG]   Imported: org.codehaus.plexus.util.xml.Xpp3Dom < plexus.core
[DEBUG]   Imported: org.codehaus.plexus.util.xml.pull.XmlPullParser < plexus.core
[DEBUG]   Imported: org.codehaus.plexus.util.xml.pull.XmlPullParserException < plexus.core
[DEBUG]   Imported: org.codehaus.plexus.util.xml.pull.XmlSerializer < plexus.core
[DEBUG]   Imported: org.eclipse.aether.* < plexus.core
[DEBUG]   Imported: org.eclipse.aether.artifact < plexus.core
[DEBUG]   Imported: org.eclipse.aether.collection < plexus.core
[DEBUG]   Imported: org.eclipse.aether.deployment < plexus.core
[DEBUG]   Imported: org.eclipse.aether.graph < plexus.core
[DEBUG]   Imported: org.eclipse.aether.impl < plexus.core
[DEBUG]   Imported: org.eclipse.aether.installation < plexus.core
[DEBUG]   Imported: org.eclipse.aether.internal.impl < plexus.core
[DEBUG]   Imported: org.eclipse.aether.metadata < plexus.core
[DEBUG]   Imported: org.eclipse.aether.repository < plexus.core
[DEBUG]   Imported: org.eclipse.aether.resolution < plexus.core
[DEBUG]   Imported: org.eclipse.aether.spi < plexus.core
[DEBUG]   Imported: org.eclipse.aether.transfer < plexus.core
[DEBUG]   Imported: org.eclipse.aether.util < plexus.core
[DEBUG]   Imported: org.eclipse.aether.version < plexus.core
[DEBUG]   Imported: org.fusesource.jansi.* < plexus.core
[DEBUG]   Imported: org.slf4j.* < plexus.core
[DEBUG]   Imported: org.slf4j.event.* < plexus.core
[DEBUG]   Imported: org.slf4j.helpers.* < plexus.core
[DEBUG]   Imported: org.slf4j.spi.* < plexus.core
[DEBUG] Populating class realm maven.api
[DEBUG] Created adapter factory; available factories [file-lock, rwlock-local, semaphore-local, noop]; available name mappers [discriminating, file-gav, file-hgav, file-static, gav, static]
[INFO] Error stacktraces are turned on.
[DEBUG] Message scheme: color
[DEBUG] Message styles: debug info warning error success failure strong mojo project
[DEBUG] Reading global settings from C:\Users\newli\.m2\wrapper\dists\apache-maven-3.9.10\a38810a491b03367137adfdfbe7d14c4\conf\settings.xml
[DEBUG] Reading user settings from C:\Users\newli\.m2\settings.xml
[DEBUG] Reading global toolchains from C:\Users\newli\.m2\wrapper\dists\apache-maven-3.9.10\a38810a491b03367137adfdfbe7d14c4\conf\toolchains.xml
[DEBUG] Reading user toolchains from C:\Users\newli\.m2\toolchains.xml
[DEBUG] Using local repository at C:\Users\newli\.m2\repository
[DEBUG] Using manager EnhancedLocalRepositoryManager with priority 10.0 for C:\Users\newli\.m2\repository
[INFO] Scanning for projects...
[DEBUG] Creating adapter using nameMapper 'gav' and factory 'rwlock-local'
[DEBUG] Extension realms for project com.bill:BillGenerated:jar:0.0.1-SNAPSHOT: (none)
[DEBUG] Looking up lifecycle mappings for packaging jar from ClassRealm[plexus.core, parent: null]
[DEBUG] Extension realms for project org.springframework.boot:spring-boot-starter-parent:pom:3.0.5: (none)
[DEBUG] Looking up lifecycle mappings for packaging pom from ClassRealm[plexus.core, parent: null]
[DEBUG] Extension realms for project org.springframework.boot:spring-boot-dependencies:pom:3.0.5: (none)
[DEBUG] Looking up lifecycle mappings for packaging pom from ClassRealm[plexus.core, parent: null]
[DEBUG] === REACTOR BUILD PLAN ================================================
[DEBUG] Project: com.bill:BillGenerated:jar:0.0.1-SNAPSHOT
[DEBUG] Tasks:   [clean, install]
[DEBUG] Style:   Regular
[DEBUG] =======================================================================
[INFO] 
[INFO] -----------------------< com.bill:BillGenerated >-----------------------
[INFO] Building BillGenerated 0.0.1-SNAPSHOT
[INFO]   from pom.xml
[INFO] --------------------------------[ jar ]---------------------------------
[DEBUG] Lifecycle clean -> [pre-clean, clean, post-clean]
[DEBUG] Lifecycle default -> [validate, initialize, generate-sources, process-sources, generate-resources, process-resources, compile, process-classes, generate-test-sources, process-test-sources, generate-test-resources, process-test-resources, test-compile, process-test-classes, test, prepare-package, package, pre-integration-test, integration-test, post-integration-test, verify, install, deploy]
[DEBUG] Lifecycle site -> [pre-site, site, post-site, site-deploy]
[DEBUG] Lifecycle clean -> [pre-clean, clean, post-clean]
[DEBUG] Lifecycle default -> [validate, initialize, generate-sources, process-sources, generate-resources, process-resources, compile, process-classes, generate-test-sources, process-test-sources, generate-test-resources, process-test-resources, test-compile, process-test-classes, test, prepare-package, package, pre-integration-test, integration-test, post-integration-test, verify, install, deploy]
[DEBUG] Lifecycle site -> [pre-site, site, post-site, site-deploy]
[DEBUG] Lifecycle clean -> [pre-clean, clean, post-clean]
[DEBUG] Lifecycle default -> [validate, initialize, generate-sources, process-sources, generate-resources, process-resources, compile, process-classes, generate-test-sources, process-test-sources, generate-test-resources, process-test-resources, test-compile, process-test-classes, test, prepare-package, package, pre-integration-test, integration-test, post-integration-test, verify, install, deploy]
[DEBUG] Lifecycle site -> [pre-site, site, post-site, site-deploy]
[DEBUG] Lifecycle clean -> [pre-clean, clean, post-clean]
[DEBUG] Lifecycle default -> [validate, initialize, generate-sources, process-sources, generate-resources, process-resources, compile, process-classes, generate-test-sources, process-test-sources, generate-test-resources, process-test-resources, test-compile, process-test-classes, test, prepare-package, package, pre-integration-test, integration-test, post-integration-test, verify, install, deploy]
[DEBUG] Lifecycle site -> [pre-site, site, post-site, site-deploy]
[DEBUG] Lifecycle clean -> [pre-clean, clean, post-clean]
[DEBUG] Lifecycle default -> [validate, initialize, generate-sources, process-sources, generate-resources, process-resources, compile, process-classes, generate-test-sources, process-test-sources, generate-test-resources, process-test-resources, test-compile, process-test-classes, test, prepare-package, package, pre-integration-test, integration-test, post-integration-test, verify, install, deploy]
[DEBUG] Lifecycle site -> [pre-site, site, post-site, site-deploy]
[DEBUG] Lifecycle clean -> [pre-clean, clean, post-clean]
[DEBUG] Lifecycle default -> [validate, initialize, generate-sources, process-sources, generate-resources, process-resources, compile, process-classes, generate-test-sources, process-test-sources, generate-test-resources, process-test-resources, test-compile, process-test-classes, test, prepare-package, package, pre-integration-test, integration-test, post-integration-test, verify, install, deploy]
[DEBUG] Lifecycle site -> [pre-site, site, post-site, site-deploy]
[DEBUG] Lifecycle clean -> [pre-clean, clean, post-clean]
[DEBUG] Lifecycle default -> [validate, initialize, generate-sources, process-sources, generate-resources, process-resources, compile, process-classes, generate-test-sources, process-test-sources, generate-test-resources, process-test-resources, test-compile, process-test-classes, test, prepare-package, package, pre-integration-test, integration-test, post-integration-test, verify, install, deploy]
[DEBUG] Lifecycle site -> [pre-site, site, post-site, site-deploy]
[DEBUG] Lifecycle clean -> [pre-clean, clean, post-clean]
[DEBUG] Lifecycle default -> [validate, initialize, generate-sources, process-sources, generate-resources, process-resources, compile, process-classes, generate-test-sources, process-test-sources, generate-test-resources, process-test-resources, test-compile, process-test-classes, test, prepare-package, package, pre-integration-test, integration-test, post-integration-test, verify, install, deploy]
[DEBUG] Lifecycle site -> [pre-site, site, post-site, site-deploy]
[DEBUG] Lifecycle clean -> [pre-clean, clean, post-clean]
[DEBUG] Lifecycle default -> [validate, initialize, generate-sources, process-sources, generate-resources, process-resources, compile, process-classes, generate-test-sources, process-test-sources, generate-test-resources, process-test-resources, test-compile, process-test-classes, test, prepare-package, package, pre-integration-test, integration-test, post-integration-test, verify, install, deploy]
[DEBUG] Lifecycle site -> [pre-site, site, post-site, site-deploy]
[DEBUG] Lifecycle clean -> [pre-clean, clean, post-clean]
[DEBUG] Lifecycle default -> [validate, initialize, generate-sources, process-sources, generate-resources, process-resources, compile, process-classes, generate-test-sources, process-test-sources, generate-test-resources, process-test-resources, test-compile, process-test-classes, test, prepare-package, package, pre-integration-test, integration-test, post-integration-test, verify, install, deploy]
[DEBUG] Lifecycle site -> [pre-site, site, post-site, site-deploy]
[DEBUG] === PROJECT BUILD PLAN ================================================
[DEBUG] Project:       com.bill:BillGenerated:0.0.1-SNAPSHOT
[DEBUG] Dependencies (collect): [compile+runtime]
[DEBUG] Dependencies (resolve): [compile, compile+runtime, runtime, test]
[DEBUG] Repositories (dependencies): [central (https://repo.maven.apache.org/maven2, default, releases)]
[DEBUG] Repositories (plugins)     : [central (https://repo.maven.apache.org/maven2, default, releases)]
[DEBUG] -----------------------------------------------------------------------
[DEBUG] Goal:          org.apache.maven.plugins:maven-clean-plugin:3.2.0:clean (default-clean)
[DEBUG] Style:         Regular
[DEBUG] Configuration: <?xml version="1.0" encoding="UTF-8"?>
<configuration>
  <directory default-value="${project.build.directory}"/>
  <excludeDefaultDirectories default-value="false">${maven.clean.excludeDefaultDirectories}</excludeDefaultDirectories>
  <failOnError default-value="true">${maven.clean.failOnError}</failOnError>
  <fast default-value="false">${maven.clean.fast}</fast>
  <fastDir>${maven.clean.fastDir}</fastDir>
  <fastMode default-value="background">${maven.clean.fastMode}</fastMode>
  <followSymLinks default-value="false">${maven.clean.followSymLinks}</followSymLinks>
  <outputDirectory default-value="${project.build.outputDirectory}"/>
  <reportDirectory default-value="${project.build.outputDirectory}"/>
  <retryOnError default-value="true">${maven.clean.retryOnError}</retryOnError>
  <session default-value="${session}"/>
  <skip default-value="false">${maven.clean.skip}</skip>
  <testOutputDirectory default-value="${project.build.testOutputDirectory}"/>
  <verbose>${maven.clean.verbose}</verbose>
</configuration>
[DEBUG] -----------------------------------------------------------------------
[DEBUG] Goal:          org.apache.maven.plugins:maven-resources-plugin:3.3.0:resources (default-resources)
[DEBUG] Style:         Regular
[DEBUG] Configuration: <?xml version="1.0" encoding="UTF-8"?>
<configuration>
  <addDefaultExcludes default-value="true"/>
  <buildFilters default-value="${project.build.filters}"/>
  <delimiters>
    <delimiter>@</delimiter>
  </delimiters>
  <encoding default-value="${project.build.sourceEncoding}"/>
  <escapeWindowsPaths default-value="true"/>
  <fileNameFiltering default-value="false"/>
  <includeEmptyDirs default-value="false"/>
  <outputDirectory default-value="${project.build.outputDirectory}"/>
  <overwrite default-value="false"/>
  <project default-value="${project}"/>
  <propertiesEncoding>UTF-8</propertiesEncoding>
  <resources default-value="${project.resources}"/>
  <session default-value="${session}"/>
  <skip default-value="false">${maven.resources.skip}</skip>
  <supportMultiLineFiltering default-value="false"/>
  <useBuildFilters default-value="true"/>
  <useDefaultDelimiters default-value="true">false</useDefaultDelimiters>
</configuration>
[DEBUG] -----------------------------------------------------------------------
[DEBUG] Goal:          org.apache.maven.plugins:maven-compiler-plugin:3.10.1:compile (default-compile)
[DEBUG] Style:         Regular
[DEBUG] Configuration: <?xml version="1.0" encoding="UTF-8"?>
<configuration>
  <annotationProcessorPaths>
    <path>
      <groupId>org.projectlombok</groupId>
      <artifactId>lombok</artifactId>
      <version>1.18.28</version>
    </path>
  </annotationProcessorPaths>
  <basedir default-value="${basedir}"/>
  <buildDirectory default-value="${project.build.directory}"/>
  <compilePath default-value="${project.compileClasspathElements}"/>
  <compileSourceRoots default-value="${project.compileSourceRoots}"/>
  <compilerId default-value="javac">${maven.compiler.compilerId}</compilerId>
  <compilerReuseStrategy default-value="${reuseCreated}">${maven.compiler.compilerReuseStrategy}</compilerReuseStrategy>
  <compilerVersion>${maven.compiler.compilerVersion}</compilerVersion>
  <createMissingPackageInfoClass default-value="true">${maven.compiler.createMissingPackageInfoClass}</createMissingPackageInfoClass>
  <debug default-value="true">${maven.compiler.debug}</debug>
  <debugFileName default-value="javac"/>
  <debuglevel>${maven.compiler.debuglevel}</debuglevel>
  <enablePreview default-value="false">${maven.compiler.enablePreview}</enablePreview>
  <encoding default-value="${project.build.sourceEncoding}">${encoding}</encoding>
  <executable>${maven.compiler.executable}</executable>
  <failOnError default-value="true">${maven.compiler.failOnError}</failOnError>
  <failOnWarning default-value="false">${maven.compiler.failOnWarning}</failOnWarning>
  <forceJavacCompilerUse default-value="false">${maven.compiler.forceJavacCompilerUse}</forceJavacCompilerUse>
  <fork default-value="false">${maven.compiler.fork}</fork>
  <generatedSourcesDirectory default-value="${project.build.directory}/generated-sources/annotations"/>
  <maxmem>${maven.compiler.maxmem}</maxmem>
  <meminitial>${maven.compiler.meminitial}</meminitial>
  <mojoExecution default-value="${mojoExecution}"/>
  <optimize default-value="false">${maven.compiler.optimize}</optimize>
  <outputDirectory default-value="${project.build.outputDirectory}"/>
  <parameters default-value="false">true</parameters>
  <project default-value="${project}"/>
  <projectArtifact default-value="${project.artifact}"/>
  <release>${maven.compiler.release}</release>
  <session default-value="${session}"/>
  <showDeprecation default-value="false">${maven.compiler.showDeprecation}</showDeprecation>
  <showWarnings default-value="false">${maven.compiler.showWarnings}</showWarnings>
  <skipMain>${maven.main.skip}</skipMain>
  <skipMultiThreadWarning default-value="false">${maven.compiler.skipMultiThreadWarning}</skipMultiThreadWarning>
  <source default-value="1.7">17</source>
  <staleMillis default-value="0">${lastModGranularityMs}</staleMillis>
  <target default-value="1.7">17</target>
  <useIncrementalCompilation default-value="true">${maven.compiler.useIncrementalCompilation}</useIncrementalCompilation>
  <verbose default-value="false">${maven.compiler.verbose}</verbose>
</configuration>
[DEBUG] -----------------------------------------------------------------------
[DEBUG] Goal:          org.apache.maven.plugins:maven-resources-plugin:3.3.0:testResources (default-testResources)
[DEBUG] Style:         Regular
[DEBUG] Configuration: <?xml version="1.0" encoding="UTF-8"?>
<configuration>
  <addDefaultExcludes default-value="true"/>
  <buildFilters default-value="${project.build.filters}"/>
  <delimiters>
    <delimiter>@</delimiter>
  </delimiters>
  <encoding default-value="${project.build.sourceEncoding}"/>
  <escapeWindowsPaths default-value="true"/>
  <fileNameFiltering default-value="false"/>
  <includeEmptyDirs default-value="false"/>
  <outputDirectory default-value="${project.build.testOutputDirectory}"/>
  <overwrite default-value="false"/>
  <project default-value="${project}"/>
  <propertiesEncoding>UTF-8</propertiesEncoding>
  <resources default-value="${project.testResources}"/>
  <session default-value="${session}"/>
  <skip default-value="false">${maven.test.skip}</skip>
  <supportMultiLineFiltering default-value="false"/>
  <useBuildFilters default-value="true"/>
  <useDefaultDelimiters default-value="true">false</useDefaultDelimiters>
</configuration>
[DEBUG] -----------------------------------------------------------------------
[DEBUG] Goal:          org.apache.maven.plugins:maven-compiler-plugin:3.10.1:testCompile (default-testCompile)
[DEBUG] Style:         Regular
[DEBUG] Configuration: <?xml version="1.0" encoding="UTF-8"?>
<configuration>
  <annotationProcessorPaths>
    <path>
      <groupId>org.projectlombok</groupId>
      <artifactId>lombok</artifactId>
      <version>1.18.28</version>
    </path>
  </annotationProcessorPaths>
  <basedir default-value="${basedir}"/>
  <buildDirectory default-value="${project.build.directory}"/>
  <compileSourceRoots default-value="${project.testCompileSourceRoots}"/>
  <compilerId default-value="javac">${maven.compiler.compilerId}</compilerId>
  <compilerReuseStrategy default-value="${reuseCreated}">${maven.compiler.compilerReuseStrategy}</compilerReuseStrategy>
  <compilerVersion>${maven.compiler.compilerVersion}</compilerVersion>
  <createMissingPackageInfoClass default-value="true">${maven.compiler.createMissingPackageInfoClass}</createMissingPackageInfoClass>
  <debug default-value="true">${maven.compiler.debug}</debug>
  <debugFileName default-value="javac-test"/>
  <debuglevel>${maven.compiler.debuglevel}</debuglevel>
  <enablePreview default-value="false">${maven.compiler.enablePreview}</enablePreview>
  <encoding default-value="${project.build.sourceEncoding}">${encoding}</encoding>
  <executable>${maven.compiler.executable}</executable>
  <failOnError default-value="true">${maven.compiler.failOnError}</failOnError>
  <failOnWarning default-value="false">${maven.compiler.failOnWarning}</failOnWarning>
  <forceJavacCompilerUse default-value="false">${maven.compiler.forceJavacCompilerUse}</forceJavacCompilerUse>
  <fork default-value="false">${maven.compiler.fork}</fork>
  <generatedTestSourcesDirectory default-value="${project.build.directory}/generated-test-sources/test-annotations"/>
  <maxmem>${maven.compiler.maxmem}</maxmem>
  <meminitial>${maven.compiler.meminitial}</meminitial>
  <mojoExecution default-value="${mojoExecution}"/>
  <optimize default-value="false">${maven.compiler.optimize}</optimize>
  <outputDirectory default-value="${project.build.testOutputDirectory}"/>
  <parameters default-value="false">true</parameters>
  <project default-value="${project}"/>
  <release>${maven.compiler.release}</release>
  <session default-value="${session}"/>
  <showDeprecation default-value="false">${maven.compiler.showDeprecation}</showDeprecation>
  <showWarnings default-value="false">${maven.compiler.showWarnings}</showWarnings>
  <skip>${maven.test.skip}</skip>
  <skipMultiThreadWarning default-value="false">${maven.compiler.skipMultiThreadWarning}</skipMultiThreadWarning>
  <source default-value="1.7">17</source>
  <staleMillis default-value="0">${lastModGranularityMs}</staleMillis>
  <target default-value="1.7">17</target>
  <testPath default-value="${project.testClasspathElements}"/>
  <testRelease>${maven.compiler.testRelease}</testRelease>
  <testSource>${maven.compiler.testSource}</testSource>
  <testTarget>${maven.compiler.testTarget}</testTarget>
  <useIncrementalCompilation default-value="true">${maven.compiler.useIncrementalCompilation}</useIncrementalCompilation>
  <verbose default-value="false">${maven.compiler.verbose}</verbose>
</configuration>
[DEBUG] -----------------------------------------------------------------------
[DEBUG] Goal:          org.apache.maven.plugins:maven-surefire-plugin:2.22.2:test (default-test)
[DEBUG] Style:         Regular
[DEBUG] Configuration: <?xml version="1.0" encoding="UTF-8"?>
<configuration>
  <additionalClasspathElements>${maven.test.additionalClasspath}</additionalClasspathElements>
  <argLine>${argLine}</argLine>
  <basedir default-value="${basedir}"/>
  <childDelegation default-value="false">${childDelegation}</childDelegation>
  <classesDirectory default-value="${project.build.outputDirectory}"/>
  <classpathDependencyExcludes>${maven.test.dependency.excludes}</classpathDependencyExcludes>
  <debugForkedProcess>${maven.surefire.debug}</debugForkedProcess>
  <dependenciesToScan>${dependenciesToScan}</dependenciesToScan>
  <disableXmlReport default-value="false">${disableXmlReport}</disableXmlReport>
  <enableAssertions default-value="true">${enableAssertions}</enableAssertions>
  <encoding default-value="${project.reporting.outputEncoding}">${surefire.encoding}</encoding>
  <excludedGroups>${excludedGroups}</excludedGroups>
  <excludesFile>${surefire.excludesFile}</excludesFile>
  <failIfNoSpecifiedTests>${surefire.failIfNoSpecifiedTests}</failIfNoSpecifiedTests>
  <failIfNoTests>${failIfNoTests}</failIfNoTests>
  <forkCount default-value="1">${forkCount}</forkCount>
  <forkMode default-value="once">${forkMode}</forkMode>
  <forkedProcessExitTimeoutInSeconds default-value="30">${surefire.exitTimeout}</forkedProcessExitTimeoutInSeconds>
  <forkedProcessTimeoutInSeconds>${surefire.timeout}</forkedProcessTimeoutInSeconds>
  <groups>${groups}</groups>
  <includesFile>${surefire.includesFile}</includesFile>
  <junitArtifactName default-value="junit:junit">${junitArtifactName}</junitArtifactName>
  <junitPlatformArtifactName default-value="org.junit.platform:junit-platform-engine">${junitPlatformArtifactName}</junitPlatformArtifactName>
  <jvm>${jvm}</jvm>
  <localRepository default-value="${localRepository}"/>
  <objectFactory>${objectFactory}</objectFactory>
  <parallel>${parallel}</parallel>
  <parallelMavenExecution default-value="${session.parallel}"/>
  <parallelOptimized default-value="true">${parallelOptimized}</parallelOptimized>
  <parallelTestsTimeoutForcedInSeconds>${surefire.parallel.forcedTimeout}</parallelTestsTimeoutForcedInSeconds>
  <parallelTestsTimeoutInSeconds>${surefire.parallel.timeout}</parallelTestsTimeoutInSeconds>
  <perCoreThreadCount default-value="true">${perCoreThreadCount}</perCoreThreadCount>
  <pluginArtifactMap>${plugin.artifactMap}</pluginArtifactMap>
  <pluginDescriptor default-value="${plugin}"/>
  <printSummary default-value="true">${surefire.printSummary}</printSummary>
  <projectArtifactMap>${project.artifactMap}</projectArtifactMap>
  <projectBuildDirectory default-value="${project.build.directory}"/>
  <redirectTestOutputToFile default-value="false">${maven.test.redirectTestOutputToFile}</redirectTestOutputToFile>
  <remoteRepositories default-value="${project.pluginArtifactRepositories}"/>
  <reportFormat default-value="brief">${surefire.reportFormat}</reportFormat>
  <reportNameSuffix default-value="">${surefire.reportNameSuffix}</reportNameSuffix>
  <reportsDirectory default-value="${project.build.directory}/surefire-reports"/>
  <rerunFailingTestsCount default-value="0">${surefire.rerunFailingTestsCount}</rerunFailingTestsCount>
  <reuseForks default-value="true">${reuseForks}</reuseForks>
  <runOrder default-value="filesystem">${surefire.runOrder}</runOrder>
  <shutdown default-value="testset">${surefire.shutdown}</shutdown>
  <skip default-value="false">${maven.test.skip}</skip>
  <skipAfterFailureCount default-value="0">${surefire.skipAfterFailureCount}</skipAfterFailureCount>
  <skipExec>${maven.test.skip.exec}</skipExec>
  <skipTests default-value="false">${skipTests}</skipTests>
  <suiteXmlFiles>${surefire.suiteXmlFiles}</suiteXmlFiles>
  <tempDir default-value="surefire">${tempDir}</tempDir>
  <test>${test}</test>
  <testClassesDirectory default-value="${project.build.testOutputDirectory}"/>
  <testFailureIgnore default-value="false">${maven.test.failure.ignore}</testFailureIgnore>
  <testNGArtifactName default-value="org.testng:testng">${testNGArtifactName}</testNGArtifactName>
  <testSourceDirectory default-value="${project.build.testSourceDirectory}"/>
  <threadCount>${threadCount}</threadCount>
  <threadCountClasses default-value="0">${threadCountClasses}</threadCountClasses>
  <threadCountMethods default-value="0">${threadCountMethods}</threadCountMethods>
  <threadCountSuites default-value="0">${threadCountSuites}</threadCountSuites>
  <trimStackTrace default-value="true">${trimStackTrace}</trimStackTrace>
  <useFile default-value="true">${surefire.useFile}</useFile>
  <useManifestOnlyJar default-value="true">${surefire.useManifestOnlyJar}</useManifestOnlyJar>
  <useSystemClassLoader default-value="true">${surefire.useSystemClassLoader}</useSystemClassLoader>
  <useUnlimitedThreads default-value="false">${useUnlimitedThreads}</useUnlimitedThreads>
  <workingDirectory>${basedir}</workingDirectory>
  <project default-value="${project}"/>
  <session default-value="${session}"/>
</configuration>
[DEBUG] -----------------------------------------------------------------------
[DEBUG] Goal:          org.apache.maven.plugins:maven-jar-plugin:3.3.0:jar (default-jar)
[DEBUG] Style:         Regular
[DEBUG] Configuration: <?xml version="1.0" encoding="UTF-8"?>
<configuration>
  <archive>
    <manifest>
      <mainClass>${start-class}</mainClass>
      <addDefaultImplementationEntries>true</addDefaultImplementationEntries>
    </manifest>
  </archive>
  <classesDirectory default-value="${project.build.outputDirectory}"/>
  <finalName default-value="${project.build.finalName}"/>
  <forceCreation default-value="false">${maven.jar.forceCreation}</forceCreation>
  <outputDirectory default-value="${project.build.directory}"/>
  <outputTimestamp default-value="${project.build.outputTimestamp}"/>
  <project default-value="${project}"/>
  <session default-value="${session}"/>
  <skipIfEmpty default-value="false"/>
  <useDefaultManifestFile default-value="false">${jar.useDefaultManifestFile}</useDefaultManifestFile>
</configuration>
[DEBUG] -----------------------------------------------------------------------
[DEBUG] Goal:          org.springframework.boot:spring-boot-maven-plugin:3.0.5:repackage (repackage)
[DEBUG] Style:         Regular
[DEBUG] Configuration: <?xml version="1.0" encoding="UTF-8"?>
<configuration>
  <attach default-value="true"/>
  <excludeDevtools default-value="true">${spring-boot.repackage.excludeDevtools}</excludeDevtools>
  <excludeGroupIds default-value="">${spring-boot.excludeGroupIds}</excludeGroupIds>
  <excludes>${spring-boot.excludes}</excludes>
  <executable default-value="false"/>
  <finalName default-value="${project.build.finalName}"/>
  <includeSystemScope default-value="false"/>
  <includes>${spring-boot.includes}</includes>
  <layout>${spring-boot.repackage.layout}</layout>
  <mainClass>${start-class}</mainClass>
  <outputDirectory default-value="${project.build.directory}"/>
  <outputTimestamp default-value="${project.build.outputTimestamp}"/>
  <project default-value="${project}"/>
  <session default-value="${session}"/>
  <skip default-value="false">${spring-boot.repackage.skip}</skip>
</configuration>
[DEBUG] -----------------------------------------------------------------------
[DEBUG] Goal:          org.apache.maven.plugins:maven-install-plugin:3.0.1:install (default-install)
[DEBUG] Style:         Regular
[DEBUG] Configuration: <?xml version="1.0" encoding="UTF-8"?>
<configuration>
  <installAtEnd default-value="false">${installAtEnd}</installAtEnd>
  <pluginDescriptor default-value="${plugin}"/>
  <project default-value="${project}"/>
  <reactorProjects default-value="${reactorProjects}"/>
  <session default-value="${session}"/>
  <skip default-value="false">${maven.install.skip}</skip>
</configuration>
[DEBUG] =======================================================================
[DEBUG] Using mirror maven-default-http-blocker (http://0.0.0.0/) for ow2-snapshot (http://repository.ow2.org/nexus/content/repositories/snapshots).
[DEBUG] Using mirror maven-default-http-blocker (http://0.0.0.0/) for vaadin-snapshots (http://oss.sonatype.org/content/repositories/vaadin-snapshots/).
[DEBUG] Using mirror maven-default-http-blocker (http://0.0.0.0/) for vaadin-releases (http://oss.sonatype.org/content/repositories/vaadin-releases/).
[DEBUG] Dependency collection stats {ConflictMarker.analyzeTime=966400, ConflictMarker.markTime=194600, ConflictMarker.nodeCount=138, ConflictIdSorter.graphTime=611000, ConflictIdSorter.topsortTime=669600, ConflictIdSorter.conflictIdCount=77, ConflictIdSorter.conflictIdCycleCount=0, ConflictResolver.totalTime=16525800, ConflictResolver.conflictItemCount=132, DfDependencyCollector.collectTime=437294500, DfDependencyCollector.transformTime=22617200}
[DEBUG] com.bill:BillGenerated:jar:0.0.1-SNAPSHOT
[DEBUG]    org.springframework.boot:spring-boot-starter-web:jar:3.0.5:compile
[DEBUG]       org.springframework.boot:spring-boot-starter:jar:3.0.5:compile (version managed from 3.0.5)
[DEBUG]          org.springframework.boot:spring-boot-starter-logging:jar:3.0.5:compile (version managed from 3.0.5)
[DEBUG]             ch.qos.logback:logback-classic:jar:1.4.6:compile (version managed from 1.4.6)
[DEBUG]                ch.qos.logback:logback-core:jar:1.4.6:compile (version managed from 1.4.6)
[DEBUG]             org.apache.logging.log4j:log4j-to-slf4j:jar:2.19.0:compile (version managed from 2.19.0)
[DEBUG]                org.apache.logging.log4j:log4j-api:jar:2.19.0:compile (version managed from 2.19.0)
[DEBUG]             org.slf4j:jul-to-slf4j:jar:2.0.7:compile (version managed from 2.0.7)
[DEBUG]          jakarta.annotation:jakarta.annotation-api:jar:2.1.1:compile (version managed from 2.1.1)
[DEBUG]          org.yaml:snakeyaml:jar:1.33:compile (version managed from 1.33)
[DEBUG]       org.springframework.boot:spring-boot-starter-json:jar:3.0.5:compile (version managed from 3.0.5)
[DEBUG]          com.fasterxml.jackson.core:jackson-databind:jar:2.14.2:compile (version managed from 2.14.2)
[DEBUG]             com.fasterxml.jackson.core:jackson-annotations:jar:2.14.2:compile (version managed from 2.14.2)
[DEBUG]             com.fasterxml.jackson.core:jackson-core:jar:2.14.2:compile (version managed from 2.14.2)
[DEBUG]          com.fasterxml.jackson.datatype:jackson-datatype-jdk8:jar:2.14.2:compile (version managed from 2.14.2)
[DEBUG]          com.fasterxml.jackson.datatype:jackson-datatype-jsr310:jar:2.14.2:compile (version managed from 2.14.2)
[DEBUG]          com.fasterxml.jackson.module:jackson-module-parameter-names:jar:2.14.2:compile (version managed from 2.14.2)
[DEBUG]       org.springframework.boot:spring-boot-starter-tomcat:jar:3.0.5:compile (version managed from 3.0.5)
[DEBUG]          org.apache.tomcat.embed:tomcat-embed-core:jar:10.1.7:compile (version managed from 10.1.7)
[DEBUG]          org.apache.tomcat.embed:tomcat-embed-el:jar:10.1.7:compile (version managed from 10.1.7)
[DEBUG]          org.apache.tomcat.embed:tomcat-embed-websocket:jar:10.1.7:compile (version managed from 10.1.7)
[DEBUG]       org.springframework:spring-web:jar:6.0.7:compile (version managed from 6.0.7)
[DEBUG]          org.springframework:spring-beans:jar:6.0.7:compile (version managed from 6.0.7)
[DEBUG]          io.micrometer:micrometer-observation:jar:1.10.5:compile (version managed from 1.10.4)
[DEBUG]             io.micrometer:micrometer-commons:jar:1.10.5:compile (version managed from 1.10.5)
[DEBUG]       org.springframework:spring-webmvc:jar:6.0.7:compile (version managed from 6.0.7)
[DEBUG]          org.springframework:spring-aop:jar:6.0.7:compile (version managed from 6.0.7)
[DEBUG]          org.springframework:spring-context:jar:6.0.7:compile (version managed from 6.0.7)
[DEBUG]          org.springframework:spring-expression:jar:6.0.7:compile (version managed from 6.0.7)
[DEBUG]    org.springframework.boot:spring-boot-starter-thymeleaf:jar:3.0.5:compile
[DEBUG]       org.thymeleaf:thymeleaf-spring6:jar:3.1.1.RELEASE:compile (version managed from 3.1.1.RELEASE)
[DEBUG]    org.thymeleaf.extras:thymeleaf-extras-java8time:jar:3.0.4.RELEASE:compile
[DEBUG]       org.thymeleaf:thymeleaf:jar:3.1.1.RELEASE:compile (version managed from 3.0.11.RELEASE)
[DEBUG]          ognl:ognl:jar:3.3.4:compile
[DEBUG]             org.javassist:javassist:jar:3.29.0-GA:compile
[DEBUG]          org.attoparser:attoparser:jar:2.0.6.RELEASE:compile
[DEBUG]          org.unbescape:unbescape:jar:1.1.6.RELEASE:compile
[DEBUG]       org.slf4j:slf4j-api:jar:2.0.7:compile (version managed from 1.7.25)
[DEBUG]    org.xhtmlrenderer:flying-saucer-pdf-openpdf:jar:9.1.22:compile
[DEBUG]       org.xhtmlrenderer:flying-saucer-core:jar:9.1.22:compile
[DEBUG]    com.github.librepdf:openpdf:jar:1.3.30:compile
[DEBUG]       com.google.code.findbugs:jsr305:jar:3.0.2:compile
[DEBUG]    org.projectlombok:lombok:jar:1.18.28:provided
[DEBUG]    org.springframework.boot:spring-boot-devtools:jar:3.0.5:runtime (optional)
[DEBUG]       org.springframework.boot:spring-boot:jar:3.0.5:compile (version managed from 3.0.5)
[DEBUG]       org.springframework.boot:spring-boot-autoconfigure:jar:3.0.5:compile (version managed from 3.0.5)
[DEBUG]    org.springframework.boot:spring-boot-starter-test:jar:3.0.5:test
[DEBUG]       org.springframework.boot:spring-boot-test:jar:3.0.5:test (version managed from 3.0.5)
[DEBUG]       org.springframework.boot:spring-boot-test-autoconfigure:jar:3.0.5:test (version managed from 3.0.5)
[DEBUG]       com.jayway.jsonpath:json-path:jar:2.7.0:test (version managed from 2.7.0)
[DEBUG]          net.minidev:json-smart:jar:2.4.10:test (version managed from 2.4.7)
[DEBUG]             net.minidev:accessors-smart:jar:2.4.9:test
[DEBUG]                org.ow2.asm:asm:jar:9.3:test
[DEBUG]       jakarta.xml.bind:jakarta.xml.bind-api:jar:4.0.0:test (version managed from 4.0.0)
[DEBUG]          jakarta.activation:jakarta.activation-api:jar:2.1.1:test (version managed from 2.1.0)
[DEBUG]       org.assertj:assertj-core:jar:3.23.1:test (version managed from 3.23.1)
[DEBUG]          net.bytebuddy:byte-buddy:jar:1.12.23:test (version managed from 1.12.10)
[DEBUG]       org.hamcrest:hamcrest:jar:2.2:test (version managed from 2.2)
[DEBUG]       org.junit.jupiter:junit-jupiter:jar:5.9.2:test (version managed from 5.9.2)
[DEBUG]          org.junit.jupiter:junit-jupiter-api:jar:5.9.2:test (version managed from 5.9.2)
[DEBUG]             org.opentest4j:opentest4j:jar:1.2.0:test
[DEBUG]             org.junit.platform:junit-platform-commons:jar:1.9.2:test (version managed from 1.9.2)
[DEBUG]             org.apiguardian:apiguardian-api:jar:1.1.2:test
[DEBUG]          org.junit.jupiter:junit-jupiter-params:jar:5.9.2:test (version managed from 5.9.2)
[DEBUG]          org.junit.jupiter:junit-jupiter-engine:jar:5.9.2:test (version managed from 5.9.2)
[DEBUG]             org.junit.platform:junit-platform-engine:jar:1.9.2:test (version managed from 1.9.2)
[DEBUG]       org.mockito:mockito-core:jar:4.8.1:test (version managed from 4.8.1)
[DEBUG]          net.bytebuddy:byte-buddy-agent:jar:1.12.23:test (version managed from 1.12.16)
[DEBUG]          org.objenesis:objenesis:jar:3.2:test
[DEBUG]       org.mockito:mockito-junit-jupiter:jar:4.8.1:test (version managed from 4.8.1)
[DEBUG]       org.skyscreamer:jsonassert:jar:1.5.1:test (version managed from 1.5.1)
[DEBUG]          com.vaadin.external.google:android-json:jar:0.0.20131108.vaadin1:test
[DEBUG]       org.springframework:spring-core:jar:6.0.7:compile (version managed from 6.0.7)
[DEBUG]          org.springframework:spring-jcl:jar:6.0.7:compile (version managed from 6.0.7)
[DEBUG]       org.springframework:spring-test:jar:6.0.7:test (version managed from 6.0.7)
[DEBUG]       org.xmlunit:xmlunit-core:jar:2.9.1:test (version managed from 2.9.1)
[INFO] 
[INFO] --- clean:3.2.0:clean (default-clean) @ BillGenerated ---
[DEBUG] Dependency collection stats {ConflictMarker.analyzeTime=55900, ConflictMarker.markTime=64300, ConflictMarker.nodeCount=3, ConflictIdSorter.graphTime=10000, ConflictIdSorter.topsortTime=13400, ConflictIdSorter.conflictIdCount=3, ConflictIdSorter.conflictIdCycleCount=0, ConflictResolver.totalTime=342500, ConflictResolver.conflictItemCount=3, DfDependencyCollector.collectTime=21298200, DfDependencyCollector.transformTime=509000}
[DEBUG] org.apache.maven.plugins:maven-clean-plugin:jar:3.2.0
[DEBUG]    org.apache.maven.shared:maven-shared-utils:jar:3.3.4:compile
[DEBUG]       commons-io:commons-io:jar:2.6:compile
[DEBUG] Created new class realm plugin>org.apache.maven.plugins:maven-clean-plugin:3.2.0
[DEBUG] Importing foreign packages into class realm plugin>org.apache.maven.plugins:maven-clean-plugin:3.2.0
[DEBUG]   Imported:  < maven.api
[DEBUG] Populating class realm plugin>org.apache.maven.plugins:maven-clean-plugin:3.2.0
[DEBUG]   Included: org.apache.maven.plugins:maven-clean-plugin:jar:3.2.0
[DEBUG]   Included: org.apache.maven.shared:maven-shared-utils:jar:3.3.4
[DEBUG]   Included: commons-io:commons-io:jar:2.6
[DEBUG] Loading mojo org.apache.maven.plugins:maven-clean-plugin:3.2.0:clean from plugin realm ClassRealm[plugin>org.apache.maven.plugins:maven-clean-plugin:3.2.0, parent: jdk.internal.loader.ClassLoaders$AppClassLoader@70dea4e]
[DEBUG] Configuring mojo execution 'org.apache.maven.plugins:maven-clean-plugin:3.2.0:clean:default-clean' with basic configurator -->
[DEBUG]   (f) directory = C:\Users\newli\Downloads\BillGenerated\BillGenerated\target
[DEBUG]   (f) excludeDefaultDirectories = false
[DEBUG]   (f) failOnError = true
[DEBUG]   (f) fast = false
[DEBUG]   (f) fastMode = background
[DEBUG]   (f) followSymLinks = false
[DEBUG]   (f) outputDirectory = C:\Users\newli\Downloads\BillGenerated\BillGenerated\target\classes
[DEBUG]   (f) reportDirectory = C:\Users\newli\Downloads\BillGenerated\BillGenerated\target\classes
[DEBUG]   (f) retryOnError = true
[DEBUG]   (f) session = org.apache.maven.execution.MavenSession@761e788f
[DEBUG]   (f) skip = false
[DEBUG]   (f) testOutputDirectory = C:\Users\newli\Downloads\BillGenerated\BillGenerated\target\test-classes
[DEBUG] -- end configuration --
[INFO] Deleting C:\Users\newli\Downloads\BillGenerated\BillGenerated\target
[INFO] Deleting file C:\Users\newli\Downloads\BillGenerated\BillGenerated\target\test-classes\com\bill\BillGenerated\BillGeneratedApplicationTests.class
[INFO] Deleting directory C:\Users\newli\Downloads\BillGenerated\BillGenerated\target\test-classes\com\bill\BillGenerated
[INFO] Deleting directory C:\Users\newli\Downloads\BillGenerated\BillGenerated\target\test-classes\com\bill
[INFO] Deleting directory C:\Users\newli\Downloads\BillGenerated\BillGenerated\target\test-classes\com
[INFO] Deleting directory C:\Users\newli\Downloads\BillGenerated\BillGenerated\target\test-classes
[INFO] Deleting directory C:\Users\newli\Downloads\BillGenerated\BillGenerated\target\maven-status\maven-compiler-plugin\compile\default-compile
[INFO] Deleting directory C:\Users\newli\Downloads\BillGenerated\BillGenerated\target\maven-status\maven-compiler-plugin\compile
[INFO] Deleting directory C:\Users\newli\Downloads\BillGenerated\BillGenerated\target\maven-status\maven-compiler-plugin
[INFO] Deleting directory C:\Users\newli\Downloads\BillGenerated\BillGenerated\target\maven-status
[INFO] Deleting directory C:\Users\newli\Downloads\BillGenerated\BillGenerated\target\generated-sources\annotations
[INFO] Deleting directory C:\Users\newli\Downloads\BillGenerated\BillGenerated\target\generated-sources
[INFO] Deleting file C:\Users\newli\Downloads\BillGenerated\BillGenerated\target\classes\templates\bill_result.html
[INFO] Deleting file C:\Users\newli\Downloads\BillGenerated\BillGenerated\target\classes\templates\bill_form.html
[INFO] Deleting directory C:\Users\newli\Downloads\BillGenerated\BillGenerated\target\classes\templates
[INFO] Deleting file C:\Users\newli\Downloads\BillGenerated\BillGenerated\target\classes\static\inline.png
[INFO] Deleting directory C:\Users\newli\Downloads\BillGenerated\BillGenerated\target\classes\static
[INFO] Deleting file C:\Users\newli\Downloads\BillGenerated\BillGenerated\target\classes\META-INF\maven\com.bill\BillGenerated\pom.xml
[INFO] Deleting file C:\Users\newli\Downloads\BillGenerated\BillGenerated\target\classes\META-INF\maven\com.bill\BillGenerated\pom.properties
[INFO] Deleting directory C:\Users\newli\Downloads\BillGenerated\BillGenerated\target\classes\META-INF\maven\com.bill\BillGenerated
[INFO] Deleting directory C:\Users\newli\Downloads\BillGenerated\BillGenerated\target\classes\META-INF\maven\com.bill
[INFO] Deleting directory C:\Users\newli\Downloads\BillGenerated\BillGenerated\target\classes\META-INF\maven
[INFO] Deleting directory C:\Users\newli\Downloads\BillGenerated\BillGenerated\target\classes\META-INF
[INFO] Deleting file C:\Users\newli\Downloads\BillGenerated\BillGenerated\target\classes\com\bill\BillGenerated\Item.class
[INFO] Deleting file C:\Users\newli\Downloads\BillGenerated\BillGenerated\target\classes\com\bill\BillGenerated\BillGeneratedApplication.class
[INFO] Deleting file C:\Users\newli\Downloads\BillGenerated\BillGenerated\target\classes\com\bill\BillGenerated\BillController.class
[INFO] Deleting file C:\Users\newli\Downloads\BillGenerated\BillGenerated\target\classes\com\bill\BillGenerated\Bill.class
[INFO] Deleting directory C:\Users\newli\Downloads\BillGenerated\BillGenerated\target\classes\com\bill\BillGenerated
[INFO] Deleting directory C:\Users\newli\Downloads\BillGenerated\BillGenerated\target\classes\com\bill
[INFO] Deleting directory C:\Users\newli\Downloads\BillGenerated\BillGenerated\target\classes\com
[INFO] Deleting file C:\Users\newli\Downloads\BillGenerated\BillGenerated\target\classes\application.properties
[INFO] Deleting directory C:\Users\newli\Downloads\BillGenerated\BillGenerated\target\classes
[INFO] Deleting directory C:\Users\newli\Downloads\BillGenerated\BillGenerated\target
[DEBUG] Skipping non-existing directory C:\Users\newli\Downloads\BillGenerated\BillGenerated\target\classes
[DEBUG] Skipping non-existing directory C:\Users\newli\Downloads\BillGenerated\BillGenerated\target\test-classes
[DEBUG] Skipping non-existing directory C:\Users\newli\Downloads\BillGenerated\BillGenerated\target\classes
[INFO] 
[INFO] --- resources:3.3.0:resources (default-resources) @ BillGenerated ---
[DEBUG] Dependency collection stats {ConflictMarker.analyzeTime=42400, ConflictMarker.markTime=26900, ConflictMarker.nodeCount=12, ConflictIdSorter.graphTime=11600, ConflictIdSorter.topsortTime=15500, ConflictIdSorter.conflictIdCount=9, ConflictIdSorter.conflictIdCycleCount=0, ConflictResolver.totalTime=226300, ConflictResolver.conflictItemCount=12, DfDependencyCollector.collectTime=57899500, DfDependencyCollector.transformTime=339500}
[DEBUG] org.apache.maven.plugins:maven-resources-plugin:jar:3.3.0
[DEBUG]    org.codehaus.plexus:plexus-interpolation:jar:1.26:runtime
[DEBUG]    org.apache.maven.shared:maven-filtering:jar:3.3.0:compile
[DEBUG]       javax.inject:javax.inject:jar:1:compile
[DEBUG]       org.slf4j:slf4j-api:jar:1.7.36:compile
[DEBUG]       org.sonatype.plexus:plexus-build-api:jar:0.0.7:compile
[DEBUG]       org.codehaus.plexus:plexus-utils:jar:3.3.0:compile (version managed from default)
[DEBUG]    commons-io:commons-io:jar:2.11.0:compile
[DEBUG]    org.apache.commons:commons-lang3:jar:3.12.0:compile
[DEBUG] Created new class realm plugin>org.apache.maven.plugins:maven-resources-plugin:3.3.0
[DEBUG] Importing foreign packages into class realm plugin>org.apache.maven.plugins:maven-resources-plugin:3.3.0
[DEBUG]   Imported:  < maven.api
[DEBUG] Populating class realm plugin>org.apache.maven.plugins:maven-resources-plugin:3.3.0
[DEBUG]   Included: org.apache.maven.plugins:maven-resources-plugin:jar:3.3.0
[DEBUG]   Included: org.codehaus.plexus:plexus-interpolation:jar:1.26
[DEBUG]   Included: org.apache.maven.shared:maven-filtering:jar:3.3.0
[DEBUG]   Included: org.sonatype.plexus:plexus-build-api:jar:0.0.7
[DEBUG]   Included: org.codehaus.plexus:plexus-utils:jar:3.3.0
[DEBUG]   Included: commons-io:commons-io:jar:2.11.0
[DEBUG]   Included: org.apache.commons:commons-lang3:jar:3.12.0
[DEBUG] Loading mojo org.apache.maven.plugins:maven-resources-plugin:3.3.0:resources from plugin realm ClassRealm[plugin>org.apache.maven.plugins:maven-resources-plugin:3.3.0, parent: jdk.internal.loader.ClassLoaders$AppClassLoader@70dea4e]
[DEBUG] Configuring mojo execution 'org.apache.maven.plugins:maven-resources-plugin:3.3.0:resources:default-resources' with basic configurator -->
[DEBUG]   (f) addDefaultExcludes = true
[DEBUG]   (f) buildFilters = []
[DEBUG]   (s) delimiters = [@]
[DEBUG]   (f) encoding = UTF-8
[DEBUG]   (f) escapeWindowsPaths = true
[DEBUG]   (f) fileNameFiltering = false
[DEBUG]   (s) includeEmptyDirs = false
[DEBUG]   (s) outputDirectory = C:\Users\newli\Downloads\BillGenerated\BillGenerated\target\classes
[DEBUG]   (s) overwrite = false
[DEBUG]   (f) project = MavenProject: com.bill:BillGenerated:0.0.1-SNAPSHOT @ C:\Users\newli\Downloads\BillGenerated\BillGenerated\pom.xml
[DEBUG]   (f) propertiesEncoding = UTF-8
[DEBUG]   (s) resources = [Resource {targetPath: null, filtering: true, FileSet {directory: C:\Users\newli\Downloads\BillGenerated\BillGenerated\src\main\resources, PatternSet [includes: {**/application*.yml, **/application*.yaml, **/application*.properties}, excludes: {}]}}, Resource {targetPath: null, filtering: false, FileSet {directory: C:\Users\newli\Downloads\BillGenerated\BillGenerated\src\main\resources, PatternSet [includes: {}, excludes: {**/application*.yml, **/application*.yaml, **/application*.properties}]}}]
[DEBUG]   (f) session = org.apache.maven.execution.MavenSession@761e788f
[DEBUG]   (f) skip = false
[DEBUG]   (f) supportMultiLineFiltering = false
[DEBUG]   (f) useBuildFilters = true
[DEBUG]   (s) useDefaultDelimiters = false
[DEBUG] -- end configuration --
[DEBUG] properties used:
[DEBUG] angus-mail.version: 1.0.0
[DEBUG] artemis.version: 2.26.0
[DEBUG] aspectj.version: 1.9.19
[DEBUG] assertj.version: 3.23.1
[DEBUG] awaitility.version: 4.2.0
[DEBUG] brave.version: 5.14.1
[DEBUG] build-helper-maven-plugin.version: 3.3.0
[DEBUG] byte-buddy.version: 1.12.23
[DEBUG] cache2k.version: 2.6.1.Final
[DEBUG] caffeine.version: 3.1.5
[DEBUG] cassandra-driver.version: 4.15.0
[DEBUG] classmate.version: 1.5.1
[DEBUG] classworlds.conf: C:\Users\newli\.m2\wrapper\dists\apache-maven-3.9.10\a38810a491b03367137adfdfbe7d14c4\bin\m2.conf
[DEBUG] commons-codec.version: 1.15
[DEBUG] commons-dbcp2.version: 2.9.0
[DEBUG] commons-lang3.version: 3.12.0
[DEBUG] commons-pool.version: 1.6
[DEBUG] commons-pool2.version: 2.11.1
[DEBUG] couchbase-client.version: 3.4.4
[DEBUG] db2-jdbc.version: 11.5.8.0
[DEBUG] dependency-management-plugin.version: 1.1.0
[DEBUG] derby.version: 10.16.1.1
[DEBUG] dropwizard-metrics.version: 4.2.18
[DEBUG] ehcache3.version: 3.10.8
[DEBUG] elasticsearch-client.version: 8.5.3
[DEBUG] env.=::: ::\
[DEBUG] env.=C:: C:\Users\newli\Downloads\BillGenerated\BillGenerated
[DEBUG] env.=EXITCODE: 00000000
[DEBUG] env.ALLUSERSPROFILE: C:\ProgramData
[DEBUG] env.APPDATA: C:\Users\newli\AppData\Roaming
[DEBUG] env.CLASSWORLDS_JAR: "C:\Users\newli\.m2\wrapper\dists\apache-maven-3.9.10\a38810a491b03367137adfdfbe7d14c4\boot\plexus-classworlds-2.9.0.jar"
[DEBUG] env.CLASSWORLDS_LAUNCHER: org.codehaus.plexus.classworlds.launcher.Launcher
[DEBUG] env.COMMONPROGRAMFILES: C:\Program Files\Common Files
[DEBUG] env.COMMONPROGRAMFILES(X86): C:\Program Files (x86)\Common Files
[DEBUG] env.COMMONPROGRAMW6432: C:\Program Files\Common Files
[DEBUG] env.COMPUTERNAME: DESKTOP-GSKNALL
[DEBUG] env.COMSPEC: C:\Windows\system32\cmd.exe
[DEBUG] env.DRIVERDATA: C:\Windows\System32\Drivers\DriverData
[DEBUG] env.EFC_4712: 1
[DEBUG] env.ERROR_CODE: 0
[DEBUG] env.EXEC_DIR: C:\Users\newli\Downloads\BillGenerated\BillGenerated
[DEBUG] env.FPS_BROWSER_APP_PROFILE_STRING: Internet Explorer
[DEBUG] env.FPS_BROWSER_USER_PROFILE_STRING: Default
[DEBUG] env.HOMEDRIVE: C:
[DEBUG] env.HOMEPATH: \Users\newli
[DEBUG] env.JAVACMD: C:\Users\newli\Downloads\jdk-21_windows-x64_bin\jdk-21.0.7\bin\java.exe
[DEBUG] env.JAVA_HOME: C:\Users\newli\Downloads\jdk-21_windows-x64_bin\jdk-21.0.7
[DEBUG] env.JVMCONFIG: \.mvn\jvm.config
[DEBUG] env.LOCALAPPDATA: C:\Users\newli\AppData\Local
[DEBUG] env.LOGONSERVER: \\DESKTOP-GSKNALL
[DEBUG] env.MAVEN_CMD_LINE_ARGS: clean install -X
[DEBUG] env.MAVEN_HOME: C:\Users\newli\.m2\wrapper\dists\apache-maven-3.9.10\a38810a491b03367137adfdfbe7d14c4
[DEBUG] env.MAVEN_OPTS: --enable-native-access=ALL-UNNAMED 
[DEBUG] env.MAVEN_PROJECTBASEDIR: C:\Users\newli\Downloads\BillGenerated\BillGenerated
[DEBUG] env.NUMBER_OF_PROCESSORS: 8
[DEBUG] env.ONEDRIVE: C:\Users\newli\OneDrive
[DEBUG] env.OS: Windows_NT
[DEBUG] env.PATH: C:\Windows\system32;C:\Windows;C:\Windows\System32\Wbem;C:\Windows\System32\WindowsPowerShell\v1.0\;C:\Windows\System32\OpenSSH\;C:\Users\newli\Downloads\jdk-21_windows-x64_bin\jdk-21.0.7\bin;C:\Program Files\Intel\WiFi\bin\;C:\Program Files\Common Files\Intel\WirelessCommon\;C:\Users\newli\AppData\Local\Microsoft\WindowsApps;C:\Users\newli\AppData\Local\Programs\Microsoft VS Code\bin
[DEBUG] env.PATHEXT: .COM;.EXE;.BAT;.CMD;.VBS;.VBE;.JS;.JSE;.WSF;.WSH;.MSC
[DEBUG] env.PROCESSOR_ARCHITECTURE: AMD64
[DEBUG] env.PROCESSOR_IDENTIFIER: Intel64 Family 6 Model 142 Stepping 10, GenuineIntel
[DEBUG] env.PROCESSOR_LEVEL: 6
[DEBUG] env.PROCESSOR_REVISION: 8e0a
[DEBUG] env.PROGRAMDATA: C:\ProgramData
[DEBUG] env.PROGRAMFILES: C:\Program Files
[DEBUG] env.PROGRAMFILES(X86): C:\Program Files (x86)
[DEBUG] env.PROGRAMW6432: C:\Program Files
[DEBUG] env.PROMPT: $P$G
[DEBUG] env.PSMODULEPATH: C:\Program Files\WindowsPowerShell\Modules;C:\Windows\system32\WindowsPowerShell\v1.0\Modules
[DEBUG] env.PUBLIC: C:\Users\Public
[DEBUG] env.SESSIONNAME: Console
[DEBUG] env.SYSTEMDRIVE: C:
[DEBUG] env.SYSTEMROOT: C:\Windows
[DEBUG] env.TEMP: C:\Users\newli\AppData\Local\Temp
[DEBUG] env.TMP: C:\Users\newli\AppData\Local\Temp
[DEBUG] env.USERDOMAIN: DESKTOP-GSKNALL
[DEBUG] env.USERDOMAIN_ROAMINGPROFILE: DESKTOP-GSKNALL
[DEBUG] env.USERNAME: newli
[DEBUG] env.USERPROFILE: C:\Users\newli
[DEBUG] env.WDIR: C:\Users\newli\Downloads\BillGenerated\BillGenerated
[DEBUG] env.WINDIR: C:\Windows
[DEBUG] env.ZES_ENABLE_SYSMAN: 1
[DEBUG] env.__MVNW_CMD__: C:\Users\newli/.m2/wrapper/dists/apache-maven-3.9.10/a38810a491b03367137adfdfbe7d14c4/bin/mvn.cmd
[DEBUG] file.encoding: UTF-8
[DEBUG] file.separator: \
[DEBUG] flyway.version: 9.5.1
[DEBUG] freemarker.version: 2.3.32
[DEBUG] git-commit-id-plugin.version: 5.0.0
[DEBUG] glassfish-jaxb.version: 4.0.2
[DEBUG] glassfish-jstl.version: 3.0.1
[DEBUG] graphql-java.version: 19.4
[DEBUG] groovy.version: 4.0.10
[DEBUG] gson.version: 2.9.1
[DEBUG] h2.version: 2.1.214
[DEBUG] hamcrest.version: 2.2
[DEBUG] hazelcast.version: 5.1.5
[DEBUG] hibernate-validator.version: 8.0.0.Final
[DEBUG] hibernate.version: 6.1.7.Final
[DEBUG] hikaricp.version: 5.0.1
[DEBUG] hsqldb.version: 2.7.1
[DEBUG] htmlunit.version: 2.65.1
[DEBUG] httpasyncclient.version: 4.1.5
[DEBUG] httpclient.version: 4.5.14
[DEBUG] httpclient5.version: 5.1.4
[DEBUG] httpcore.version: 4.4.16
[DEBUG] httpcore5.version: 5.1.5
[DEBUG] infinispan.version: 14.0.7.Final
[DEBUG] influxdb-java.version: 2.23
[DEBUG] jackson-bom.version: 2.14.2
[DEBUG] jakarta-activation.version: 2.1.1
[DEBUG] jakarta-annotation.version: 2.1.1
[DEBUG] jakarta-jms.version: 3.1.0
[DEBUG] jakarta-json-bind.version: 3.0.0
[DEBUG] jakarta-json.version: 2.1.1
[DEBUG] jakarta-mail.version: 2.1.1
[DEBUG] jakarta-management.version: 1.1.4
[DEBUG] jakarta-persistence.version: 3.1.0
[DEBUG] jakarta-servlet-jsp-jstl.version: 3.0.0
[DEBUG] jakarta-servlet.version: 6.0.0
[DEBUG] jakarta-transaction.version: 2.0.1
[DEBUG] jakarta-validation.version: 3.0.2
[DEBUG] jakarta-websocket.version: 2.1.0
[DEBUG] jakarta-ws-rs.version: 3.1.0
[DEBUG] jakarta-xml-bind.version: 4.0.0
[DEBUG] jakarta-xml-soap.version: 3.0.0
[DEBUG] jakarta-xml-ws.version: 4.0.0
[DEBUG] janino.version: 3.1.9
[DEBUG] java.class.path: C:\Users\newli\.m2\wrapper\dists\apache-maven-3.9.10\a38810a491b03367137adfdfbe7d14c4\boot\plexus-classworlds-2.9.0.jar
[DEBUG] java.class.version: 65.0
[DEBUG] java.home: C:\Users\newli\Downloads\jdk-21_windows-x64_bin\jdk-21.0.7
[DEBUG] java.io.tmpdir: C:\Users\newli\AppData\Local\Temp\
[DEBUG] java.library.path: C:\Users\newli\Downloads\jdk-21_windows-x64_bin\jdk-21.0.7\bin;C:\Windows\Sun\Java\bin;C:\Windows\system32;C:\Windows;C:\Windows\system32;C:\Windows;C:\Windows\System32\Wbem;C:\Windows\System32\WindowsPowerShell\v1.0\;C:\Windows\System32\OpenSSH\;C:\Users\newli\Downloads\jdk-21_windows-x64_bin\jdk-21.0.7\bin;C:\Program Files\Intel\WiFi\bin\;C:\Program Files\Common Files\Intel\WirelessCommon\;C:\Users\newli\AppData\Local\Microsoft\WindowsApps;C:\Users\newli\AppData\Local\Programs\Microsoft VS Code\bin;.
[DEBUG] java.runtime.name: Java(TM) SE Runtime Environment
[DEBUG] java.runtime.version: 21.0.7+8-LTS-245
[DEBUG] java.specification.name: Java Platform API Specification
[DEBUG] java.specification.vendor: Oracle Corporation
[DEBUG] java.specification.version: 21
[DEBUG] java.vendor: Oracle Corporation
[DEBUG] java.vendor.url: https://java.oracle.com/
[DEBUG] java.vendor.url.bug: https://bugreport.java.com/bugreport/
[DEBUG] java.version: 21.0.7
[DEBUG] java.version.date: 2025-04-15
[DEBUG] java.vm.compressedOopsMode: Zero based
[DEBUG] java.vm.info: mixed mode, sharing
[DEBUG] java.vm.name: Java HotSpot(TM) 64-Bit Server VM
[DEBUG] java.vm.specification.name: Java Virtual Machine Specification
[DEBUG] java.vm.specification.vendor: Oracle Corporation
[DEBUG] java.vm.specification.version: 21
[DEBUG] java.vm.vendor: Oracle Corporation
[DEBUG] java.vm.version: 21.0.7+8-LTS-245
[DEBUG] javax-cache.version: 1.1.1
[DEBUG] javax-money.version: 1.1
[DEBUG] jaxen.version: 1.2.0
[DEBUG] jaybird.version: 4.0.9.java11
[DEBUG] jboss-logging.version: 3.5.0.Final
[DEBUG] jdk.debug: release
[DEBUG] jdom2.version: 2.0.6.1
[DEBUG] jedis.version: 4.3.2
[DEBUG] jersey.version: 3.1.1
[DEBUG] jetty-reactive-httpclient.version: 3.0.8
[DEBUG] jetty.version: 11.0.14
[DEBUG] jmustache.version: 1.15
[DEBUG] jooq.version: 3.17.10
[DEBUG] json-path.version: 2.7.0
[DEBUG] json-smart.version: 2.4.10
[DEBUG] jsonassert.version: 1.5.1
[DEBUG] jtds.version: 1.3.1
[DEBUG] junit-jupiter.version: 5.9.2
[DEBUG] junit.version: 4.13.2
[DEBUG] kafka.version: 3.3.2
[DEBUG] kotlin-coroutines.version: 1.6.4
[DEBUG] kotlin.version: 1.7.22
[DEBUG] lettuce.version: 6.2.3.RELEASE
[DEBUG] library.jansi.path: C:\Users\newli\.m2\wrapper\dists\apache-maven-3.9.10\a38810a491b03367137adfdfbe7d14c4\lib\jansi-native
[DEBUG] line.separator: 

[DEBUG] liquibase.version: 4.17.2
[DEBUG] log4j2.version: 2.19.0
[DEBUG] logback.version: 1.4.6
[DEBUG] lombok.version: 1.18.28
[DEBUG] mariadb.version: 3.0.10
[DEBUG] maven-antrun-plugin.version: 3.1.0
[DEBUG] maven-assembly-plugin.version: 3.4.2
[DEBUG] maven-clean-plugin.version: 3.2.0
[DEBUG] maven-compiler-plugin.version: 3.10.1
[DEBUG] maven-dependency-plugin.version: 3.3.0
[DEBUG] maven-deploy-plugin.version: 3.0.0
[DEBUG] maven-enforcer-plugin.version: 3.1.0
[DEBUG] maven-failsafe-plugin.version: 2.22.2
[DEBUG] maven-help-plugin.version: 3.3.0
[DEBUG] maven-install-plugin.version: 3.0.1
[DEBUG] maven-invoker-plugin.version: 3.3.0
[DEBUG] maven-jar-plugin.version: 3.3.0
[DEBUG] maven-javadoc-plugin.version: 3.4.1
[DEBUG] maven-resources-plugin.version: 3.3.0
[DEBUG] maven-shade-plugin.version: 3.4.1
[DEBUG] maven-source-plugin.version: 3.2.1
[DEBUG] maven-surefire-plugin.version: 2.22.2
[DEBUG] maven-war-plugin.version: 3.3.2
[DEBUG] maven.build.timestamp: 2025-07-15T03:52:09Z
[DEBUG] maven.build.version: Apache Maven 3.9.10 (5f519b97e944483d878815739f519b2eade0a91d)
[DEBUG] maven.compiler.source: 17
[DEBUG] maven.compiler.target: 17
[DEBUG] maven.conf: C:\Users\newli\.m2\wrapper\dists\apache-maven-3.9.10\a38810a491b03367137adfdfbe7d14c4/conf
[DEBUG] maven.home: C:\Users\newli\.m2\wrapper\dists\apache-maven-3.9.10\a38810a491b03367137adfdfbe7d14c4
[DEBUG] maven.multiModuleProjectDirectory: C:\Users\newli\Downloads\BillGenerated\BillGenerated
[DEBUG] maven.version: 3.9.10
[DEBUG] micrometer-tracing.version: 1.0.3
[DEBUG] micrometer.version: 1.10.5
[DEBUG] mockito.version: 4.8.1
[DEBUG] mongodb.version: 4.8.2
[DEBUG] mssql-jdbc.version: 11.2.3.jre17
[DEBUG] mysql.version: 8.0.32
[DEBUG] native-build-tools-plugin.version: 0.9.20
[DEBUG] native.encoding: Cp1252
[DEBUG] nekohtml.version: 1.9.22
[DEBUG] neo4j-java-driver.version: 5.4.0
[DEBUG] netty.version: 4.1.90.Final
[DEBUG] okhttp.version: 4.10.0
[DEBUG] opentelemetry.version: 1.19.0
[DEBUG] oracle-database.version: 21.7.0.0
[DEBUG] oracle-r2dbc.version: 1.0.0
[DEBUG] os.arch: amd64
[DEBUG] os.name: Windows 11
[DEBUG] os.version: 10.0
[DEBUG] path.separator: ;
[DEBUG] pooled-jms.version: 3.0.0
[DEBUG] postgresql.version: 42.5.4
[DEBUG] project.baseUri: file:/C:/Users/newli/Downloads/BillGenerated/BillGenerated/
[DEBUG] project.build.sourceEncoding: UTF-8
[DEBUG] project.reporting.outputEncoding: UTF-8
[DEBUG] prometheus-client.version: 0.16.0
[DEBUG] quartz.version: 2.3.2
[DEBUG] querydsl.version: 5.0.0
[DEBUG] r2dbc-h2.version: 1.0.0.RELEASE
[DEBUG] r2dbc-pool.version: 1.0.0.RELEASE
[DEBUG] r2dbc-postgresql.version: 1.0.1.RELEASE
[DEBUG] r2dbc-proxy.version: 1.0.1.RELEASE
[DEBUG] r2dbc-spi.version: 1.0.0.RELEASE
[DEBUG] rabbit-amqp-client.version: 5.16.0
[DEBUG] rabbit-stream-client.version: 0.8.0
[DEBUG] reactive-streams.version: 1.0.4
[DEBUG] reactor-bom.version: 2022.0.5
[DEBUG] resource.delimiter: @
[DEBUG] rest-assured.version: 5.2.1
[DEBUG] rsocket.version: 1.1.3
[DEBUG] rxjava3.version: 3.1.6
[DEBUG] saaj-impl.version: 3.0.0
[DEBUG] selenium-htmlunit.version: 4.5.2
[DEBUG] selenium.version: 4.5.3
[DEBUG] sendgrid.version: 4.9.3
[DEBUG] slf4j.version: 2.0.7
[DEBUG] snakeyaml.version: 1.33
[DEBUG] spring-amqp.version: 3.0.3
[DEBUG] spring-batch.version: 5.0.1
[DEBUG] spring-data-bom.version: 2022.0.4
[DEBUG] spring-framework.version: 6.0.7
[DEBUG] spring-graphql.version: 1.1.3
[DEBUG] spring-hateoas.version: 2.0.3
[DEBUG] spring-integration.version: 6.0.4
[DEBUG] spring-kafka.version: 3.0.5
[DEBUG] spring-ldap.version: 3.0.1
[DEBUG] spring-restdocs.version: 3.0.0
[DEBUG] spring-retry.version: 2.0.1
[DEBUG] spring-security.version: 6.0.2
[DEBUG] spring-session.version: 3.0.1
[DEBUG] spring-ws.version: 4.0.2
[DEBUG] sqlite-jdbc.version: 3.39.4.1
[DEBUG] stderr.encoding: Cp1252
[DEBUG] stdout.encoding: Cp1252
[DEBUG] sun.arch.data.model: 64
[DEBUG] sun.boot.library.path: C:\Users\newli\Downloads\jdk-21_windows-x64_bin\jdk-21.0.7\bin
[DEBUG] sun.cpu.endian: little
[DEBUG] sun.cpu.isalist: amd64
[DEBUG] sun.io.unicode.encoding: UnicodeLittle
[DEBUG] sun.java.command: org.codehaus.plexus.classworlds.launcher.Launcher clean install -X
[DEBUG] sun.java.launcher: SUN_STANDARD
[DEBUG] sun.jnu.encoding: Cp1252
[DEBUG] sun.management.compiler: HotSpot 64-Bit Tiered Compilers
[DEBUG] sun.os.patch.level: 
[DEBUG] thymeleaf-extras-data-attribute.version: 2.0.1
[DEBUG] thymeleaf-extras-springsecurity.version: 3.1.1.RELEASE
[DEBUG] thymeleaf-layout-dialect.version: 3.1.0
[DEBUG] thymeleaf.extras.java8time.version: 3.0.4.RELEASE
[DEBUG] thymeleaf.version: 3.1.1.RELEASE
[DEBUG] tomcat.version: 10.1.7
[DEBUG] unboundid-ldapsdk.version: 6.0.8
[DEBUG] undertow.version: 2.3.4.Final
[DEBUG] user.country: US
[DEBUG] user.dir: C:\Users\newli\Downloads\BillGenerated\BillGenerated
[DEBUG] user.home: C:\Users\newli
[DEBUG] user.language: en
[DEBUG] user.name: newli
[DEBUG] user.script: 
[DEBUG] user.variant: 
[DEBUG] versions-maven-plugin.version: 2.12.0
[DEBUG] webjars-locator-core.version: 0.52
[DEBUG] wsdl4j.version: 1.6.3
[DEBUG] xml-maven-plugin.version: 1.0.2
[DEBUG] xmlunit2.version: 2.9.1
[DEBUG] yasson.version: 3.0.2
[DEBUG] Using 'UTF-8' encoding to copy filtered resources.
[DEBUG] Using 'UTF-8' encoding to copy filtered properties files.
[DEBUG] resource with targetPath null
directory C:\Users\newli\Downloads\BillGenerated\BillGenerated\src\main\resources
excludes []
includes [**/application*.yml, **/application*.yaml, **/application*.properties]
[DEBUG] ignoreDelta true
[INFO] Copying 1 resource
[DEBUG] Copying file application.properties
[DEBUG] file application.properties has a filtered file extension
[DEBUG] Using 'UTF-8' encoding to copy filtered resource 'application.properties'.
[DEBUG] filtering C:\Users\newli\Downloads\BillGenerated\BillGenerated\src\main\resources\application.properties to C:\Users\newli\Downloads\BillGenerated\BillGenerated\target\classes\application.properties
[DEBUG] resource with targetPath null
directory C:\Users\newli\Downloads\BillGenerated\BillGenerated\src\main\resources
excludes [**/application*.yml, **/application*.yaml, **/application*.properties]
includes []
[DEBUG] ignoreDelta true
[INFO] Copying 3 resources
[DEBUG] Copying file static\inline.png
[DEBUG] file inline.png has a non filtered file extension
[DEBUG] Using 'UTF-8' encoding to copy filtered resource 'inline.png'.
[DEBUG] copy C:\Users\newli\Downloads\BillGenerated\BillGenerated\src\main\resources\static\inline.png to C:\Users\newli\Downloads\BillGenerated\BillGenerated\target\classes\static\inline.png
[DEBUG] Copying file templates\bill_form.html
[DEBUG] file bill_form.html has a filtered file extension
[DEBUG] Using 'UTF-8' encoding to copy filtered resource 'bill_form.html'.
[DEBUG] copy C:\Users\newli\Downloads\BillGenerated\BillGenerated\src\main\resources\templates\bill_form.html to C:\Users\newli\Downloads\BillGenerated\BillGenerated\target\classes\templates\bill_form.html
[DEBUG] Copying file templates\bill_result.html
[DEBUG] file bill_result.html has a filtered file extension
[DEBUG] Using 'UTF-8' encoding to copy filtered resource 'bill_result.html'.
[DEBUG] copy C:\Users\newli\Downloads\BillGenerated\BillGenerated\src\main\resources\templates\bill_result.html to C:\Users\newli\Downloads\BillGenerated\BillGenerated\target\classes\templates\bill_result.html
[DEBUG] no use filter components
[INFO] 
[INFO] --- compiler:3.10.1:compile (default-compile) @ BillGenerated ---
[DEBUG] Using mirror maven-default-http-blocker (http://0.0.0.0/) for apache.snapshots (http://repository.apache.org/snapshots).
[DEBUG] Dependency collection stats {ConflictMarker.analyzeTime=164100, ConflictMarker.markTime=95300, ConflictMarker.nodeCount=17, ConflictIdSorter.graphTime=48000, ConflictIdSorter.topsortTime=28700, ConflictIdSorter.conflictIdCount=12, ConflictIdSorter.conflictIdCycleCount=0, ConflictResolver.totalTime=749300, ConflictResolver.conflictItemCount=17, DfDependencyCollector.collectTime=77362300, DfDependencyCollector.transformTime=1118500}
[DEBUG] org.apache.maven.plugins:maven-compiler-plugin:jar:3.10.1
[DEBUG]    org.apache.maven.shared:maven-shared-utils:jar:3.3.4:compile
[DEBUG]       commons-io:commons-io:jar:2.6:compile
[DEBUG]    org.apache.maven.shared:maven-shared-incremental:jar:1.1:compile
[DEBUG]       org.codehaus.plexus:plexus-component-annotations:jar:2.0.0:compile (version managed from default)
[DEBUG]    org.codehaus.plexus:plexus-java:jar:1.1.1:compile
[DEBUG]       org.ow2.asm:asm:jar:9.2:compile
[DEBUG]       com.thoughtworks.qdox:qdox:jar:2.0.1:compile (version managed from default)
[DEBUG]    org.codehaus.plexus:plexus-compiler-api:jar:2.11.1:compile
[DEBUG]       org.codehaus.plexus:plexus-utils:jar:3.4.1:compile
[DEBUG]    org.codehaus.plexus:plexus-compiler-manager:jar:2.11.1:compile
[DEBUG]    org.codehaus.plexus:plexus-compiler-javac:jar:2.11.1:runtime
[DEBUG] Created new class realm plugin>org.apache.maven.plugins:maven-compiler-plugin:3.10.1
[DEBUG] Importing foreign packages into class realm plugin>org.apache.maven.plugins:maven-compiler-plugin:3.10.1
[DEBUG]   Imported:  < maven.api
[DEBUG] Populating class realm plugin>org.apache.maven.plugins:maven-compiler-plugin:3.10.1
[DEBUG]   Included: org.apache.maven.plugins:maven-compiler-plugin:jar:3.10.1
[DEBUG]   Included: org.apache.maven.shared:maven-shared-utils:jar:3.3.4
[DEBUG]   Included: commons-io:commons-io:jar:2.6
[DEBUG]   Included: org.apache.maven.shared:maven-shared-incremental:jar:1.1
[DEBUG]   Included: org.codehaus.plexus:plexus-component-annotations:jar:2.0.0
[DEBUG]   Included: org.codehaus.plexus:plexus-java:jar:1.1.1
[DEBUG]   Included: org.ow2.asm:asm:jar:9.2
[DEBUG]   Included: com.thoughtworks.qdox:qdox:jar:2.0.1
[DEBUG]   Included: org.codehaus.plexus:plexus-compiler-api:jar:2.11.1
[DEBUG]   Included: org.codehaus.plexus:plexus-utils:jar:3.4.1
[DEBUG]   Included: org.codehaus.plexus:plexus-compiler-manager:jar:2.11.1
[DEBUG]   Included: org.codehaus.plexus:plexus-compiler-javac:jar:2.11.1
[DEBUG] Loading mojo org.apache.maven.plugins:maven-compiler-plugin:3.10.1:compile from plugin realm ClassRealm[plugin>org.apache.maven.plugins:maven-compiler-plugin:3.10.1, parent: jdk.internal.loader.ClassLoaders$AppClassLoader@70dea4e]
[DEBUG] Configuring mojo execution 'org.apache.maven.plugins:maven-compiler-plugin:3.10.1:compile:default-compile' with basic configurator -->
[DEBUG]   (s) groupId = org.projectlombok
[DEBUG]   (s) artifactId = lombok
[DEBUG]   (s) version = 1.18.28
[DEBUG]   (f) annotationProcessorPaths = [org.projectlombok:lombok:1.18.28.jar]
[DEBUG]   (f) basedir = C:\Users\newli\Downloads\BillGenerated\BillGenerated
[DEBUG]   (f) buildDirectory = C:\Users\newli\Downloads\BillGenerated\BillGenerated\target
[DEBUG]   (f) compilePath = [C:\Users\newli\Downloads\BillGenerated\BillGenerated\target\classes, C:\Users\newli\.m2\repository\org\springframework\boot\spring-boot-starter-web\3.0.5\spring-boot-starter-web-3.0.5.jar, C:\Users\newli\.m2\repository\org\springframework\boot\spring-boot-starter\3.0.5\spring-boot-starter-3.0.5.jar, C:\Users\newli\.m2\repository\org\springframework\boot\spring-boot-starter-logging\3.0.5\spring-boot-starter-logging-3.0.5.jar, C:\Users\newli\.m2\repository\ch\qos\logback\logback-classic\1.4.6\logback-classic-1.4.6.jar, C:\Users\newli\.m2\repository\ch\qos\logback\logback-core\1.4.6\logback-core-1.4.6.jar, C:\Users\newli\.m2\repository\org\apache\logging\log4j\log4j-to-slf4j\2.19.0\log4j-to-slf4j-2.19.0.jar, C:\Users\newli\.m2\repository\org\apache\logging\log4j\log4j-api\2.19.0\log4j-api-2.19.0.jar, C:\Users\newli\.m2\repository\org\slf4j\jul-to-slf4j\2.0.7\jul-to-slf4j-2.0.7.jar, C:\Users\newli\.m2\repository\jakarta\annotation\jakarta.annotation-api\2.1.1\jakarta.annotation-api-2.1.1.jar, C:\Users\newli\.m2\repository\org\yaml\snakeyaml\1.33\snakeyaml-1.33.jar, C:\Users\newli\.m2\repository\org\springframework\boot\spring-boot-starter-json\3.0.5\spring-boot-starter-json-3.0.5.jar, C:\Users\newli\.m2\repository\com\fasterxml\jackson\core\jackson-databind\2.14.2\jackson-databind-2.14.2.jar, C:\Users\newli\.m2\repository\com\fasterxml\jackson\core\jackson-annotations\2.14.2\jackson-annotations-2.14.2.jar, C:\Users\newli\.m2\repository\com\fasterxml\jackson\core\jackson-core\2.14.2\jackson-core-2.14.2.jar, C:\Users\newli\.m2\repository\com\fasterxml\jackson\datatype\jackson-datatype-jdk8\2.14.2\jackson-datatype-jdk8-2.14.2.jar, C:\Users\newli\.m2\repository\com\fasterxml\jackson\datatype\jackson-datatype-jsr310\2.14.2\jackson-datatype-jsr310-2.14.2.jar, C:\Users\newli\.m2\repository\com\fasterxml\jackson\module\jackson-module-parameter-names\2.14.2\jackson-module-parameter-names-2.14.2.jar, C:\Users\newli\.m2\repository\org\springframework\boot\spring-boot-starter-tomcat\3.0.5\spring-boot-starter-tomcat-3.0.5.jar, C:\Users\newli\.m2\repository\org\apache\tomcat\embed\tomcat-embed-core\10.1.7\tomcat-embed-core-10.1.7.jar, C:\Users\newli\.m2\repository\org\apache\tomcat\embed\tomcat-embed-el\10.1.7\tomcat-embed-el-10.1.7.jar, C:\Users\newli\.m2\repository\org\apache\tomcat\embed\tomcat-embed-websocket\10.1.7\tomcat-embed-websocket-10.1.7.jar, C:\Users\newli\.m2\repository\org\springframework\spring-web\6.0.7\spring-web-6.0.7.jar, C:\Users\newli\.m2\repository\org\springframework\spring-beans\6.0.7\spring-beans-6.0.7.jar, C:\Users\newli\.m2\repository\io\micrometer\micrometer-observation\1.10.5\micrometer-observation-1.10.5.jar, C:\Users\newli\.m2\repository\io\micrometer\micrometer-commons\1.10.5\micrometer-commons-1.10.5.jar, C:\Users\newli\.m2\repository\org\springframework\spring-webmvc\6.0.7\spring-webmvc-6.0.7.jar, C:\Users\newli\.m2\repository\org\springframework\spring-aop\6.0.7\spring-aop-6.0.7.jar, C:\Users\newli\.m2\repository\org\springframework\spring-context\6.0.7\spring-context-6.0.7.jar, C:\Users\newli\.m2\repository\org\springframework\spring-expression\6.0.7\spring-expression-6.0.7.jar, C:\Users\newli\.m2\repository\org\springframework\boot\spring-boot-starter-thymeleaf\3.0.5\spring-boot-starter-thymeleaf-3.0.5.jar, C:\Users\newli\.m2\repository\org\thymeleaf\thymeleaf-spring6\3.1.1.RELEASE\thymeleaf-spring6-3.1.1.RELEASE.jar, C:\Users\newli\.m2\repository\org\thymeleaf\extras\thymeleaf-extras-java8time\3.0.4.RELEASE\thymeleaf-extras-java8time-3.0.4.RELEASE.jar, C:\Users\newli\.m2\repository\org\thymeleaf\thymeleaf\3.1.1.RELEASE\thymeleaf-3.1.1.RELEASE.jar, C:\Users\newli\.m2\repository\ognl\ognl\3.3.4\ognl-3.3.4.jar, C:\Users\newli\.m2\repository\org\javassist\javassist\3.29.0-GA\javassist-3.29.0-GA.jar, C:\Users\newli\.m2\repository\org\attoparser\attoparser\2.0.6.RELEASE\attoparser-2.0.6.RELEASE.jar, C:\Users\newli\.m2\repository\org\unbescape\unbescape\1.1.6.RELEASE\unbescape-1.1.6.RELEASE.jar, C:\Users\newli\.m2\repository\org\slf4j\slf4j-api\2.0.7\slf4j-api-2.0.7.jar, C:\Users\newli\.m2\repository\org\xhtmlrenderer\flying-saucer-pdf-openpdf\9.1.22\flying-saucer-pdf-openpdf-9.1.22.jar, C:\Users\newli\.m2\repository\org\xhtmlrenderer\flying-saucer-core\9.1.22\flying-saucer-core-9.1.22.jar, C:\Users\newli\.m2\repository\com\github\librepdf\openpdf\1.3.30\openpdf-1.3.30.jar, C:\Users\newli\.m2\repository\com\google\code\findbugs\jsr305\3.0.2\jsr305-3.0.2.jar, C:\Users\newli\.m2\repository\org\projectlombok\lombok\1.18.28\lombok-1.18.28.jar, C:\Users\newli\.m2\repository\org\springframework\boot\spring-boot\3.0.5\spring-boot-3.0.5.jar, C:\Users\newli\.m2\repository\org\springframework\boot\spring-boot-autoconfigure\3.0.5\spring-boot-autoconfigure-3.0.5.jar, C:\Users\newli\.m2\repository\org\springframework\spring-core\6.0.7\spring-core-6.0.7.jar, C:\Users\newli\.m2\repository\org\springframework\spring-jcl\6.0.7\spring-jcl-6.0.7.jar]
[DEBUG]   (f) compileSourceRoots = [C:\Users\newli\Downloads\BillGenerated\BillGenerated\src\main\java]
[DEBUG]   (f) compilerId = javac
[DEBUG]   (f) createMissingPackageInfoClass = true
[DEBUG]   (f) debug = true
[DEBUG]   (f) debugFileName = javac
[DEBUG]   (f) enablePreview = false
[DEBUG]   (f) encoding = UTF-8
[DEBUG]   (f) failOnError = true
[DEBUG]   (f) failOnWarning = false
[DEBUG]   (f) forceJavacCompilerUse = false
[DEBUG]   (f) fork = false
[DEBUG]   (f) generatedSourcesDirectory = C:\Users\newli\Downloads\BillGenerated\BillGenerated\target\generated-sources\annotations
[DEBUG]   (f) mojoExecution = org.apache.maven.plugins:maven-compiler-plugin:3.10.1:compile {execution: default-compile}
[DEBUG]   (f) optimize = false
[DEBUG]   (f) outputDirectory = C:\Users\newli\Downloads\BillGenerated\BillGenerated\target\classes
[DEBUG]   (f) parameters = true
[DEBUG]   (f) project = MavenProject: com.bill:BillGenerated:0.0.1-SNAPSHOT @ C:\Users\newli\Downloads\BillGenerated\BillGenerated\pom.xml
[DEBUG]   (f) projectArtifact = com.bill:BillGenerated:jar:0.0.1-SNAPSHOT
[DEBUG]   (f) session = org.apache.maven.execution.MavenSession@761e788f
[DEBUG]   (f) showDeprecation = false
[DEBUG]   (f) showWarnings = false
[DEBUG]   (f) skipMultiThreadWarning = false
[DEBUG]   (f) source = 17
[DEBUG]   (f) staleMillis = 0
[DEBUG]   (s) target = 17
[DEBUG]   (f) useIncrementalCompilation = true
[DEBUG]   (f) verbose = false
[DEBUG] -- end configuration --
[DEBUG] Using compiler 'javac'.
[DEBUG] Adding C:\Users\newli\Downloads\BillGenerated\BillGenerated\target\generated-sources\annotations to compile source roots:
  C:\Users\newli\Downloads\BillGenerated\BillGenerated\src\main\java
[DEBUG] New compile source roots:
  C:\Users\newli\Downloads\BillGenerated\BillGenerated\src\main\java
  C:\Users\newli\Downloads\BillGenerated\BillGenerated\target\generated-sources\annotations
[DEBUG] CompilerReuseStrategy: reuseCreated
[DEBUG] useIncrementalCompilation enabled
[DEBUG] Stale source detected: C:\Users\newli\Downloads\BillGenerated\BillGenerated\src\main\java\com\bill\BillGenerated\BillGeneratedApplication.java
[DEBUG] Stale source detected: C:\Users\newli\Downloads\BillGenerated\BillGenerated\src\main\java\com\bill\BillGenerated\Item.java
[DEBUG] Stale source detected: C:\Users\newli\Downloads\BillGenerated\BillGenerated\src\main\java\com\bill\BillGenerated\BillController.java
[DEBUG] Stale source detected: C:\Users\newli\Downloads\BillGenerated\BillGenerated\src\main\java\com\bill\BillGenerated\Bill.java
[INFO] Changes detected - recompiling the module!
[DEBUG] Classpath:
[DEBUG]  C:\Users\newli\Downloads\BillGenerated\BillGenerated\target\classes
[DEBUG]  C:\Users\newli\.m2\repository\org\springframework\boot\spring-boot-starter-web\3.0.5\spring-boot-starter-web-3.0.5.jar
[DEBUG]  C:\Users\newli\.m2\repository\org\springframework\boot\spring-boot-starter\3.0.5\spring-boot-starter-3.0.5.jar
[DEBUG]  C:\Users\newli\.m2\repository\org\springframework\boot\spring-boot-starter-logging\3.0.5\spring-boot-starter-logging-3.0.5.jar
[DEBUG]  C:\Users\newli\.m2\repository\ch\qos\logback\logback-classic\1.4.6\logback-classic-1.4.6.jar
[DEBUG]  C:\Users\newli\.m2\repository\ch\qos\logback\logback-core\1.4.6\logback-core-1.4.6.jar
[DEBUG]  C:\Users\newli\.m2\repository\org\apache\logging\log4j\log4j-to-slf4j\2.19.0\log4j-to-slf4j-2.19.0.jar
[DEBUG]  C:\Users\newli\.m2\repository\org\apache\logging\log4j\log4j-api\2.19.0\log4j-api-2.19.0.jar
[DEBUG]  C:\Users\newli\.m2\repository\org\slf4j\jul-to-slf4j\2.0.7\jul-to-slf4j-2.0.7.jar
[DEBUG]  C:\Users\newli\.m2\repository\jakarta\annotation\jakarta.annotation-api\2.1.1\jakarta.annotation-api-2.1.1.jar
[DEBUG]  C:\Users\newli\.m2\repository\org\yaml\snakeyaml\1.33\snakeyaml-1.33.jar
[DEBUG]  C:\Users\newli\.m2\repository\org\springframework\boot\spring-boot-starter-json\3.0.5\spring-boot-starter-json-3.0.5.jar
[DEBUG]  C:\Users\newli\.m2\repository\com\fasterxml\jackson\core\jackson-databind\2.14.2\jackson-databind-2.14.2.jar
[DEBUG]  C:\Users\newli\.m2\repository\com\fasterxml\jackson\core\jackson-annotations\2.14.2\jackson-annotations-2.14.2.jar
[DEBUG]  C:\Users\newli\.m2\repository\com\fasterxml\jackson\core\jackson-core\2.14.2\jackson-core-2.14.2.jar
[DEBUG]  C:\Users\newli\.m2\repository\com\fasterxml\jackson\datatype\jackson-datatype-jdk8\2.14.2\jackson-datatype-jdk8-2.14.2.jar
[DEBUG]  C:\Users\newli\.m2\repository\com\fasterxml\jackson\datatype\jackson-datatype-jsr310\2.14.2\jackson-datatype-jsr310-2.14.2.jar
[DEBUG]  C:\Users\newli\.m2\repository\com\fasterxml\jackson\module\jackson-module-parameter-names\2.14.2\jackson-module-parameter-names-2.14.2.jar
[DEBUG]  C:\Users\newli\.m2\repository\org\springframework\boot\spring-boot-starter-tomcat\3.0.5\spring-boot-starter-tomcat-3.0.5.jar
[DEBUG]  C:\Users\newli\.m2\repository\org\apache\tomcat\embed\tomcat-embed-core\10.1.7\tomcat-embed-core-10.1.7.jar
[DEBUG]  C:\Users\newli\.m2\repository\org\apache\tomcat\embed\tomcat-embed-el\10.1.7\tomcat-embed-el-10.1.7.jar
[DEBUG]  C:\Users\newli\.m2\repository\org\apache\tomcat\embed\tomcat-embed-websocket\10.1.7\tomcat-embed-websocket-10.1.7.jar
[DEBUG]  C:\Users\newli\.m2\repository\org\springframework\spring-web\6.0.7\spring-web-6.0.7.jar
[DEBUG]  C:\Users\newli\.m2\repository\org\springframework\spring-beans\6.0.7\spring-beans-6.0.7.jar
[DEBUG]  C:\Users\newli\.m2\repository\io\micrometer\micrometer-observation\1.10.5\micrometer-observation-1.10.5.jar
[DEBUG]  C:\Users\newli\.m2\repository\io\micrometer\micrometer-commons\1.10.5\micrometer-commons-1.10.5.jar
[DEBUG]  C:\Users\newli\.m2\repository\org\springframework\spring-webmvc\6.0.7\spring-webmvc-6.0.7.jar
[DEBUG]  C:\Users\newli\.m2\repository\org\springframework\spring-aop\6.0.7\spring-aop-6.0.7.jar
[DEBUG]  C:\Users\newli\.m2\repository\org\springframework\spring-context\6.0.7\spring-context-6.0.7.jar
[DEBUG]  C:\Users\newli\.m2\repository\org\springframework\spring-expression\6.0.7\spring-expression-6.0.7.jar
[DEBUG]  C:\Users\newli\.m2\repository\org\springframework\boot\spring-boot-starter-thymeleaf\3.0.5\spring-boot-starter-thymeleaf-3.0.5.jar
[DEBUG]  C:\Users\newli\.m2\repository\org\thymeleaf\thymeleaf-spring6\3.1.1.RELEASE\thymeleaf-spring6-3.1.1.RELEASE.jar
[DEBUG]  C:\Users\newli\.m2\repository\org\thymeleaf\extras\thymeleaf-extras-java8time\3.0.4.RELEASE\thymeleaf-extras-java8time-3.0.4.RELEASE.jar
[DEBUG]  C:\Users\newli\.m2\repository\org\thymeleaf\thymeleaf\3.1.1.RELEASE\thymeleaf-3.1.1.RELEASE.jar
[DEBUG]  C:\Users\newli\.m2\repository\ognl\ognl\3.3.4\ognl-3.3.4.jar
[DEBUG]  C:\Users\newli\.m2\repository\org\javassist\javassist\3.29.0-GA\javassist-3.29.0-GA.jar
[DEBUG]  C:\Users\newli\.m2\repository\org\attoparser\attoparser\2.0.6.RELEASE\attoparser-2.0.6.RELEASE.jar
[DEBUG]  C:\Users\newli\.m2\repository\org\unbescape\unbescape\1.1.6.RELEASE\unbescape-1.1.6.RELEASE.jar
[DEBUG]  C:\Users\newli\.m2\repository\org\slf4j\slf4j-api\2.0.7\slf4j-api-2.0.7.jar
[DEBUG]  C:\Users\newli\.m2\repository\org\xhtmlrenderer\flying-saucer-pdf-openpdf\9.1.22\flying-saucer-pdf-openpdf-9.1.22.jar
[DEBUG]  C:\Users\newli\.m2\repository\org\xhtmlrenderer\flying-saucer-core\9.1.22\flying-saucer-core-9.1.22.jar
[DEBUG]  C:\Users\newli\.m2\repository\com\github\librepdf\openpdf\1.3.30\openpdf-1.3.30.jar
[DEBUG]  C:\Users\newli\.m2\repository\com\google\code\findbugs\jsr305\3.0.2\jsr305-3.0.2.jar
[DEBUG]  C:\Users\newli\.m2\repository\org\projectlombok\lombok\1.18.28\lombok-1.18.28.jar
[DEBUG]  C:\Users\newli\.m2\repository\org\springframework\boot\spring-boot\3.0.5\spring-boot-3.0.5.jar
[DEBUG]  C:\Users\newli\.m2\repository\org\springframework\boot\spring-boot-autoconfigure\3.0.5\spring-boot-autoconfigure-3.0.5.jar
[DEBUG]  C:\Users\newli\.m2\repository\org\springframework\spring-core\6.0.7\spring-core-6.0.7.jar
[DEBUG]  C:\Users\newli\.m2\repository\org\springframework\spring-jcl\6.0.7\spring-jcl-6.0.7.jar
[DEBUG] Source roots:
[DEBUG]  C:\Users\newli\Downloads\BillGenerated\BillGenerated\src\main\java
[DEBUG]  C:\Users\newli\Downloads\BillGenerated\BillGenerated\target\generated-sources\annotations
[DEBUG] Command line options:
[DEBUG] -d C:\Users\newli\Downloads\BillGenerated\BillGenerated\target\classes -classpath C:\Users\newli\Downloads\BillGenerated\BillGenerated\target\classes;C:\Users\newli\.m2\repository\org\springframework\boot\spring-boot-starter-web\3.0.5\spring-boot-starter-web-3.0.5.jar;C:\Users\newli\.m2\repository\org\springframework\boot\spring-boot-starter\3.0.5\spring-boot-starter-3.0.5.jar;C:\Users\newli\.m2\repository\org\springframework\boot\spring-boot-starter-logging\3.0.5\spring-boot-starter-logging-3.0.5.jar;C:\Users\newli\.m2\repository\ch\qos\logback\logback-classic\1.4.6\logback-classic-1.4.6.jar;C:\Users\newli\.m2\repository\ch\qos\logback\logback-core\1.4.6\logback-core-1.4.6.jar;C:\Users\newli\.m2\repository\org\apache\logging\log4j\log4j-to-slf4j\2.19.0\log4j-to-slf4j-2.19.0.jar;C:\Users\newli\.m2\repository\org\apache\logging\log4j\log4j-api\2.19.0\log4j-api-2.19.0.jar;C:\Users\newli\.m2\repository\org\slf4j\jul-to-slf4j\2.0.7\jul-to-slf4j-2.0.7.jar;C:\Users\newli\.m2\repository\jakarta\annotation\jakarta.annotation-api\2.1.1\jakarta.annotation-api-2.1.1.jar;C:\Users\newli\.m2\repository\org\yaml\snakeyaml\1.33\snakeyaml-1.33.jar;C:\Users\newli\.m2\repository\org\springframework\boot\spring-boot-starter-json\3.0.5\spring-boot-starter-json-3.0.5.jar;C:\Users\newli\.m2\repository\com\fasterxml\jackson\core\jackson-databind\2.14.2\jackson-databind-2.14.2.jar;C:\Users\newli\.m2\repository\com\fasterxml\jackson\core\jackson-annotations\2.14.2\jackson-annotations-2.14.2.jar;C:\Users\newli\.m2\repository\com\fasterxml\jackson\core\jackson-core\2.14.2\jackson-core-2.14.2.jar;C:\Users\newli\.m2\repository\com\fasterxml\jackson\datatype\jackson-datatype-jdk8\2.14.2\jackson-datatype-jdk8-2.14.2.jar;C:\Users\newli\.m2\repository\com\fasterxml\jackson\datatype\jackson-datatype-jsr310\2.14.2\jackson-datatype-jsr310-2.14.2.jar;C:\Users\newli\.m2\repository\com\fasterxml\jackson\module\jackson-module-parameter-names\2.14.2\jackson-module-parameter-names-2.14.2.jar;C:\Users\newli\.m2\repository\org\springframework\boot\spring-boot-starter-tomcat\3.0.5\spring-boot-starter-tomcat-3.0.5.jar;C:\Users\newli\.m2\repository\org\apache\tomcat\embed\tomcat-embed-core\10.1.7\tomcat-embed-core-10.1.7.jar;C:\Users\newli\.m2\repository\org\apache\tomcat\embed\tomcat-embed-el\10.1.7\tomcat-embed-el-10.1.7.jar;C:\Users\newli\.m2\repository\org\apache\tomcat\embed\tomcat-embed-websocket\10.1.7\tomcat-embed-websocket-10.1.7.jar;C:\Users\newli\.m2\repository\org\springframework\spring-web\6.0.7\spring-web-6.0.7.jar;C:\Users\newli\.m2\repository\org\springframework\spring-beans\6.0.7\spring-beans-6.0.7.jar;C:\Users\newli\.m2\repository\io\micrometer\micrometer-observation\1.10.5\micrometer-observation-1.10.5.jar;C:\Users\newli\.m2\repository\io\micrometer\micrometer-commons\1.10.5\micrometer-commons-1.10.5.jar;C:\Users\newli\.m2\repository\org\springframework\spring-webmvc\6.0.7\spring-webmvc-6.0.7.jar;C:\Users\newli\.m2\repository\org\springframework\spring-aop\6.0.7\spring-aop-6.0.7.jar;C:\Users\newli\.m2\repository\org\springframework\spring-context\6.0.7\spring-context-6.0.7.jar;C:\Users\newli\.m2\repository\org\springframework\spring-expression\6.0.7\spring-expression-6.0.7.jar;C:\Users\newli\.m2\repository\org\springframework\boot\spring-boot-starter-thymeleaf\3.0.5\spring-boot-starter-thymeleaf-3.0.5.jar;C:\Users\newli\.m2\repository\org\thymeleaf\thymeleaf-spring6\3.1.1.RELEASE\thymeleaf-spring6-3.1.1.RELEASE.jar;C:\Users\newli\.m2\repository\org\thymeleaf\extras\thymeleaf-extras-java8time\3.0.4.RELEASE\thymeleaf-extras-java8time-3.0.4.RELEASE.jar;C:\Users\newli\.m2\repository\org\thymeleaf\thymeleaf\3.1.1.RELEASE\thymeleaf-3.1.1.RELEASE.jar;C:\Users\newli\.m2\repository\ognl\ognl\3.3.4\ognl-3.3.4.jar;C:\Users\newli\.m2\repository\org\javassist\javassist\3.29.0-GA\javassist-3.29.0-GA.jar;C:\Users\newli\.m2\repository\org\attoparser\attoparser\2.0.6.RELEASE\attoparser-2.0.6.RELEASE.jar;C:\Users\newli\.m2\repository\org\unbescape\unbescape\1.1.6.RELEASE\unbescape-1.1.6.RELEASE.jar;C:\Users\newli\.m2\repository\org\slf4j\slf4j-api\2.0.7\slf4j-api-2.0.7.jar;C:\Users\newli\.m2\repository\org\xhtmlrenderer\flying-saucer-pdf-openpdf\9.1.22\flying-saucer-pdf-openpdf-9.1.22.jar;C:\Users\newli\.m2\repository\org\xhtmlrenderer\flying-saucer-core\9.1.22\flying-saucer-core-9.1.22.jar;C:\Users\newli\.m2\repository\com\github\librepdf\openpdf\1.3.30\openpdf-1.3.30.jar;C:\Users\newli\.m2\repository\com\google\code\findbugs\jsr305\3.0.2\jsr305-3.0.2.jar;C:\Users\newli\.m2\repository\org\projectlombok\lombok\1.18.28\lombok-1.18.28.jar;C:\Users\newli\.m2\repository\org\springframework\boot\spring-boot\3.0.5\spring-boot-3.0.5.jar;C:\Users\newli\.m2\repository\org\springframework\boot\spring-boot-autoconfigure\3.0.5\spring-boot-autoconfigure-3.0.5.jar;C:\Users\newli\.m2\repository\org\springframework\spring-core\6.0.7\spring-core-6.0.7.jar;C:\Users\newli\.m2\repository\org\springframework\spring-jcl\6.0.7\spring-jcl-6.0.7.jar; -sourcepath C:\Users\newli\Downloads\BillGenerated\BillGenerated\src\main\java;C:\Users\newli\Downloads\BillGenerated\BillGenerated\target\generated-sources\annotations; -s C:\Users\newli\Downloads\BillGenerated\BillGenerated\target\generated-sources\annotations -processorpath C:\Users\newli\.m2\repository\org\projectlombok\lombok\1.18.28\lombok-1.18.28.jar; -g -parameters -nowarn -target 17 -source 17 -encoding UTF-8
[DEBUG] incrementalBuildHelper#beforeRebuildExecution
[INFO] Compiling 4 source files to C:\Users\newli\Downloads\BillGenerated\BillGenerated\target\classes
[INFO] ------------------------------------------------------------------------
[INFO] BUILD FAILURE
[INFO] ------------------------------------------------------------------------
[INFO] Total time:  4.091 s
[INFO] Finished at: 2025-07-15T09:22:11+05:30
[INFO] ------------------------------------------------------------------------
[ERROR] Failed to execute goal org.apache.maven.plugins:maven-compiler-plugin:3.10.1:compile (default-compile) on project BillGenerated: Fatal error compiling: java.lang.NoSuchFieldError: Class com.sun.tools.javac.tree.JCTree$JCImport does not have member field 'com.sun.tools.javac.tree.JCTree qualid' -> [Help 1]
org.apache.maven.lifecycle.LifecycleExecutionException: Failed to execute goal org.apache.maven.plugins:maven-compiler-plugin:3.10.1:compile (default-compile) on project BillGenerated: Fatal error compiling
    at org.apache.maven.lifecycle.internal.MojoExecutor.doExecute2 (MojoExecutor.java:333)
    at org.apache.maven.lifecycle.internal.MojoExecutor.doExecute (MojoExecutor.java:316)
    at org.apache.maven.lifecycle.internal.MojoExecutor.execute (MojoExecutor.java:212)
    at org.apache.maven.lifecycle.internal.MojoExecutor.execute (MojoExecutor.java:174)
    at org.apache.maven.lifecycle.internal.MojoExecutor.access$000 (MojoExecutor.java:75)
    at org.apache.maven.lifecycle.internal.MojoExecutor$1.run (MojoExecutor.java:162)
    at org.apache.maven.plugin.DefaultMojosExecutionStrategy.execute (DefaultMojosExecutionStrategy.java:39)
    at org.apache.maven.lifecycle.internal.MojoExecutor.execute (MojoExecutor.java:159)
    at org.apache.maven.lifecycle.internal.LifecycleModuleBuilder.buildProject (LifecycleModuleBuilder.java:105)
    at org.apache.maven.lifecycle.internal.LifecycleModuleBuilder.buildProject (LifecycleModuleBuilder.java:73)
    at org.apache.maven.lifecycle.internal.builder.singlethreaded.SingleThreadedBuilder.build (SingleThreadedBuilder.java:53)
    at org.apache.maven.lifecycle.internal.LifecycleStarter.execute (LifecycleStarter.java:118)
    at org.apache.maven.DefaultMaven.doExecute (DefaultMaven.java:261)
    at org.apache.maven.DefaultMaven.doExecute (DefaultMaven.java:173)
    at org.apache.maven.DefaultMaven.execute (DefaultMaven.java:101)
    at org.apache.maven.cli.MavenCli.execute (MavenCli.java:906)
    at org.apache.maven.cli.MavenCli.doMain (MavenCli.java:283)
    at org.apache.maven.cli.MavenCli.main (MavenCli.java:206)
    at jdk.internal.reflect.DirectMethodHandleAccessor.invoke (DirectMethodHandleAccessor.java:103)
    at java.lang.reflect.Method.invoke (Method.java:580)
    at org.codehaus.plexus.classworlds.launcher.Launcher.launchEnhanced (Launcher.java:255)
    at org.codehaus.plexus.classworlds.launcher.Launcher.launch (Launcher.java:201)
    at org.codehaus.plexus.classworlds.launcher.Launcher.mainWithExitCode (Launcher.java:361)
    at org.codehaus.plexus.classworlds.launcher.Launcher.main (Launcher.java:314)
Caused by: org.apache.maven.plugin.MojoExecutionException: Fatal error compiling
    at org.apache.maven.plugin.compiler.AbstractCompilerMojo.execute (AbstractCompilerMojo.java:1220)
    at org.apache.maven.plugin.compiler.CompilerMojo.execute (CompilerMojo.java:198)
    at org.apache.maven.plugin.DefaultBuildPluginManager.executeMojo (DefaultBuildPluginManager.java:126)
    at org.apache.maven.lifecycle.internal.MojoExecutor.doExecute2 (MojoExecutor.java:328)
    at org.apache.maven.lifecycle.internal.MojoExecutor.doExecute (MojoExecutor.java:316)
    at org.apache.maven.lifecycle.internal.MojoExecutor.execute (MojoExecutor.java:212)
    at org.apache.maven.lifecycle.internal.MojoExecutor.execute (MojoExecutor.java:174)
    at org.apache.maven.lifecycle.internal.MojoExecutor.access$000 (MojoExecutor.java:75)
    at org.apache.maven.lifecycle.internal.MojoExecutor$1.run (MojoExecutor.java:162)
    at org.apache.maven.plugin.DefaultMojosExecutionStrategy.execute (DefaultMojosExecutionStrategy.java:39)
    at org.apache.maven.lifecycle.internal.MojoExecutor.execute (MojoExecutor.java:159)
    at org.apache.maven.lifecycle.internal.LifecycleModuleBuilder.buildProject (LifecycleModuleBuilder.java:105)
    at org.apache.maven.lifecycle.internal.LifecycleModuleBuilder.buildProject (LifecycleModuleBuilder.java:73)
    at org.apache.maven.lifecycle.internal.builder.singlethreaded.SingleThreadedBuilder.build (SingleThreadedBuilder.java:53)
    at org.apache.maven.lifecycle.internal.LifecycleStarter.execute (LifecycleStarter.java:118)
    at org.apache.maven.DefaultMaven.doExecute (DefaultMaven.java:261)
    at org.apache.maven.DefaultMaven.doExecute (DefaultMaven.java:173)
    at org.apache.maven.DefaultMaven.execute (DefaultMaven.java:101)
    at org.apache.maven.cli.MavenCli.execute (MavenCli.java:906)
    at org.apache.maven.cli.MavenCli.doMain (MavenCli.java:283)
    at org.apache.maven.cli.MavenCli.main (MavenCli.java:206)
    at jdk.internal.reflect.DirectMethodHandleAccessor.invoke (DirectMethodHandleAccessor.java:103)
    at java.lang.reflect.Method.invoke (Method.java:580)
    at org.codehaus.plexus.classworlds.launcher.Launcher.launchEnhanced (Launcher.java:255)
    at org.codehaus.plexus.classworlds.launcher.Launcher.launch (Launcher.java:201)
    at org.codehaus.plexus.classworlds.launcher.Launcher.mainWithExitCode (Launcher.java:361)
    at org.codehaus.plexus.classworlds.launcher.Launcher.main (Launcher.java:314)
Caused by: org.codehaus.plexus.compiler.CompilerException: java.lang.NoSuchFieldError: Class com.sun.tools.javac.tree.JCTree$JCImport does not have member field 'com.sun.tools.javac.tree.JCTree qualid'
    at org.codehaus.plexus.compiler.javac.JavaxToolsCompiler.compileInProcess (JavaxToolsCompiler.java:197)
    at org.codehaus.plexus.compiler.javac.JavacCompiler.performCompile (JavacCompiler.java:182)
    at org.apache.maven.plugin.compiler.AbstractCompilerMojo.execute (AbstractCompilerMojo.java:1209)
    at org.apache.maven.plugin.compiler.CompilerMojo.execute (CompilerMojo.java:198)
    at org.apache.maven.plugin.DefaultBuildPluginManager.executeMojo (DefaultBuildPluginManager.java:126)
    at org.apache.maven.lifecycle.internal.MojoExecutor.doExecute2 (MojoExecutor.java:328)
    at org.apache.maven.lifecycle.internal.MojoExecutor.doExecute (MojoExecutor.java:316)
    at org.apache.maven.lifecycle.internal.MojoExecutor.execute (MojoExecutor.java:212)
    at org.apache.maven.lifecycle.internal.MojoExecutor.execute (MojoExecutor.java:174)
    at org.apache.maven.lifecycle.internal.MojoExecutor.access$000 (MojoExecutor.java:75)
    at org.apache.maven.lifecycle.internal.MojoExecutor$1.run (MojoExecutor.java:162)
    at org.apache.maven.plugin.DefaultMojosExecutionStrategy.execute (DefaultMojosExecutionStrategy.java:39)
    at org.apache.maven.lifecycle.internal.MojoExecutor.execute (MojoExecutor.java:159)
    at org.apache.maven.lifecycle.internal.LifecycleModuleBuilder.buildProject (LifecycleModuleBuilder.java:105)
    at org.apache.maven.lifecycle.internal.LifecycleModuleBuilder.buildProject (LifecycleModuleBuilder.java:73)
    at org.apache.maven.lifecycle.internal.builder.singlethreaded.SingleThreadedBuilder.build (SingleThreadedBuilder.java:53)
    at org.apache.maven.lifecycle.internal.LifecycleStarter.execute (LifecycleStarter.java:118)
    at org.apache.maven.DefaultMaven.doExecute (DefaultMaven.java:261)
    at org.apache.maven.DefaultMaven.doExecute (DefaultMaven.java:173)
    at org.apache.maven.DefaultMaven.execute (DefaultMaven.java:101)
    at org.apache.maven.cli.MavenCli.execute (MavenCli.java:906)
    at org.apache.maven.cli.MavenCli.doMain (MavenCli.java:283)
    at org.apache.maven.cli.MavenCli.main (MavenCli.java:206)
    at jdk.internal.reflect.DirectMethodHandleAccessor.invoke (DirectMethodHandleAccessor.java:103)
    at java.lang.reflect.Method.invoke (Method.java:580)
    at org.codehaus.plexus.classworlds.launcher.Launcher.launchEnhanced (Launcher.java:255)
    at org.codehaus.plexus.classworlds.launcher.Launcher.launch (Launcher.java:201)
    at org.codehaus.plexus.classworlds.launcher.Launcher.mainWithExitCode (Launcher.java:361)
    at org.codehaus.plexus.classworlds.launcher.Launcher.main (Launcher.java:314)
Caused by: java.lang.RuntimeException: java.lang.NoSuchFieldError: Class com.sun.tools.javac.tree.JCTree$JCImport does not have member field 'com.sun.tools.javac.tree.JCTree qualid'
    at com.sun.tools.javac.api.JavacTaskImpl.invocationHelper (JavacTaskImpl.java:168)
    at com.sun.tools.javac.api.JavacTaskImpl.doCall (JavacTaskImpl.java:100)
    at com.sun.tools.javac.api.JavacTaskImpl.call (JavacTaskImpl.java:94)
    at org.codehaus.plexus.compiler.javac.JavaxToolsCompiler.compileInProcess (JavaxToolsCompiler.java:136)
    at org.codehaus.plexus.compiler.javac.JavacCompiler.performCompile (JavacCompiler.java:182)
    at org.apache.maven.plugin.compiler.AbstractCompilerMojo.execute (AbstractCompilerMojo.java:1209)
    at org.apache.maven.plugin.compiler.CompilerMojo.execute (CompilerMojo.java:198)
    at org.apache.maven.plugin.DefaultBuildPluginManager.executeMojo (DefaultBuildPluginManager.java:126)
    at org.apache.maven.lifecycle.internal.MojoExecutor.doExecute2 (MojoExecutor.java:328)
    at org.apache.maven.lifecycle.internal.MojoExecutor.doExecute (MojoExecutor.java:316)
    at org.apache.maven.lifecycle.internal.MojoExecutor.execute (MojoExecutor.java:212)
    at org.apache.maven.lifecycle.internal.MojoExecutor.execute (MojoExecutor.java:174)
    at org.apache.maven.lifecycle.internal.MojoExecutor.access$000 (MojoExecutor.java:75)
    at org.apache.maven.lifecycle.internal.MojoExecutor$1.run (MojoExecutor.java:162)
    at org.apache.maven.plugin.DefaultMojosExecutionStrategy.execute (DefaultMojosExecutionStrategy.java:39)
    at org.apache.maven.lifecycle.internal.MojoExecutor.execute (MojoExecutor.java:159)
    at org.apache.maven.lifecycle.internal.LifecycleModuleBuilder.buildProject (LifecycleModuleBuilder.java:105)
    at org.apache.maven.lifecycle.internal.LifecycleModuleBuilder.buildProject (LifecycleModuleBuilder.java:73)
    at org.apache.maven.lifecycle.internal.builder.singlethreaded.SingleThreadedBuilder.build (SingleThreadedBuilder.java:53)
    at org.apache.maven.lifecycle.internal.LifecycleStarter.execute (LifecycleStarter.java:118)
    at org.apache.maven.DefaultMaven.doExecute (DefaultMaven.java:261)
    at org.apache.maven.DefaultMaven.doExecute (DefaultMaven.java:173)
    at org.apache.maven.DefaultMaven.execute (DefaultMaven.java:101)
    at org.apache.maven.cli.MavenCli.execute (MavenCli.java:906)
    at org.apache.maven.cli.MavenCli.doMain (MavenCli.java:283)
    at org.apache.maven.cli.MavenCli.main (MavenCli.java:206)
    at jdk.internal.reflect.DirectMethodHandleAccessor.invoke (DirectMethodHandleAccessor.java:103)
    at java.lang.reflect.Method.invoke (Method.java:580)
    at org.codehaus.plexus.classworlds.launcher.Launcher.launchEnhanced (Launcher.java:255)
    at org.codehaus.plexus.classworlds.launcher.Launcher.launch (Launcher.java:201)
    at org.codehaus.plexus.classworlds.launcher.Launcher.mainWithExitCode (Launcher.java:361)
    at org.codehaus.plexus.classworlds.launcher.Launcher.main (Launcher.java:314)
Caused by: java.lang.NoSuchFieldError: Class com.sun.tools.javac.tree.JCTree$JCImport does not have member field 'com.sun.tools.javac.tree.JCTree qualid'
    at lombok.javac.JavacImportList.getFullyQualifiedNameForSimpleNameNoAliasing (JavacImportList.java:53)
    at lombok.core.TypeResolver.typeRefToFullyQualifiedName (TypeResolver.java:60)
    at lombok.javac.HandlerLibrary.handleAnnotation (HandlerLibrary.java:247)
    at lombok.javac.JavacTransformer$AnnotationVisitor.visitAnnotationOnType (JavacTransformer.java:79)
    at lombok.javac.JavacNode.traverse (JavacNode.java:132)
    at lombok.javac.JavacAST.traverseChildren (JavacAST.java:223)
    at lombok.javac.JavacNode.traverse (JavacNode.java:95)
    at lombok.javac.JavacAST.traverseChildren (JavacAST.java:223)
    at lombok.javac.JavacNode.traverse (JavacNode.java:90)
    at lombok.javac.JavacAST.traverse (JavacAST.java:219)
    at lombok.javac.JavacTransformer.transform (JavacTransformer.java:63)
    at lombok.javac.apt.LombokProcessor.process (LombokProcessor.java:324)
    at lombok.core.AnnotationProcessor$JavacDescriptor.process (AnnotationProcessor.java:187)
    at lombok.core.AnnotationProcessor.process (AnnotationProcessor.java:241)
    at lombok.launch.AnnotationProcessorHider$AnnotationProcessor.process (AnnotationProcessor.java:90)
    at com.sun.tools.javac.processing.JavacProcessingEnvironment.callProcessor (JavacProcessingEnvironment.java:1021)
    at com.sun.tools.javac.processing.JavacProcessingEnvironment.discoverAndRunProcs (JavacProcessingEnvironment.java:937)
    at com.sun.tools.javac.processing.JavacProcessingEnvironment$Round.run (JavacProcessingEnvironment.java:1265)
    at com.sun.tools.javac.processing.JavacProcessingEnvironment.doProcessing (JavacProcessingEnvironment.java:1380)
    at com.sun.tools.javac.main.JavaCompiler.processAnnotations (JavaCompiler.java:1272)
    at com.sun.tools.javac.main.JavaCompiler.compile (JavaCompiler.java:946)
    at com.sun.tools.javac.api.JavacTaskImpl.lambda$doCall$0 (JavacTaskImpl.java:104)
    at com.sun.tools.javac.api.JavacTaskImpl.invocationHelper (JavacTaskImpl.java:152)
    at com.sun.tools.javac.api.JavacTaskImpl.doCall (JavacTaskImpl.java:100)
    at com.sun.tools.javac.api.JavacTaskImpl.call (JavacTaskImpl.java:94)
    at org.codehaus.plexus.compiler.javac.JavaxToolsCompiler.compileInProcess (JavaxToolsCompiler.java:136)
    at org.codehaus.plexus.compiler.javac.JavacCompiler.performCompile (JavacCompiler.java:182)
    at org.apache.maven.plugin.compiler.AbstractCompilerMojo.execute (AbstractCompilerMojo.java:1209)
    at org.apache.maven.plugin.compiler.CompilerMojo.execute (CompilerMojo.java:198)
    at org.apache.maven.plugin.DefaultBuildPluginManager.executeMojo (DefaultBuildPluginManager.java:126)
    at org.apache.maven.lifecycle.internal.MojoExecutor.doExecute2 (MojoExecutor.java:328)
    at org.apache.maven.lifecycle.internal.MojoExecutor.doExecute (MojoExecutor.java:316)
    at org.apache.maven.lifecycle.internal.MojoExecutor.execute (MojoExecutor.java:212)
    at org.apache.maven.lifecycle.internal.MojoExecutor.execute (MojoExecutor.java:174)
    at org.apache.maven.lifecycle.internal.MojoExecutor.access$000 (MojoExecutor.java:75)
    at org.apache.maven.lifecycle.internal.MojoExecutor$1.run (MojoExecutor.java:162)
    at org.apache.maven.plugin.DefaultMojosExecutionStrategy.execute (DefaultMojosExecutionStrategy.java:39)
    at org.apache.maven.lifecycle.internal.MojoExecutor.execute (MojoExecutor.java:159)
    at org.apache.maven.lifecycle.internal.LifecycleModuleBuilder.buildProject (LifecycleModuleBuilder.java:105)
    at org.apache.maven.lifecycle.internal.LifecycleModuleBuilder.buildProject (LifecycleModuleBuilder.java:73)
    at org.apache.maven.lifecycle.internal.builder.singlethreaded.SingleThreadedBuilder.build (SingleThreadedBuilder.java:53)
    at org.apache.maven.lifecycle.internal.LifecycleStarter.execute (LifecycleStarter.java:118)
    at org.apache.maven.DefaultMaven.doExecute (DefaultMaven.java:261)
    at org.apache.maven.DefaultMaven.doExecute (DefaultMaven.java:173)
    at org.apache.maven.DefaultMaven.execute (DefaultMaven.java:101)
    at org.apache.maven.cli.MavenCli.execute (MavenCli.java:906)
    at org.apache.maven.cli.MavenCli.doMain (MavenCli.java:283)
    at org.apache.maven.cli.MavenCli.main (MavenCli.java:206)
    at jdk.internal.reflect.DirectMethodHandleAccessor.invoke (DirectMethodHandleAccessor.java:103)
    at java.lang.reflect.Method.invoke (Method.java:580)
    at org.codehaus.plexus.classworlds.launcher.Launcher.launchEnhanced (Launcher.java:255)
    at org.codehaus.plexus.classworlds.launcher.Launcher.launch (Launcher.java:201)
    at org.codehaus.plexus.classworlds.launcher.Launcher.mainWithExitCode (Launcher.java:361)
    at org.codehaus.plexus.classworlds.launcher.Launcher.main (Launcher.java:314)
[ERROR] 
[ERROR] 
[ERROR] For more information about the errors and possible solutions, please read the following articles:
[ERROR] [Help 1] http://cwiki.apache.org/confluence/display/MAVEN/MojoExecutionException
[DEBUG] Shutting down adapter factory; available factories [file-lock, rwlock-local, semaphore-local, noop]; available name mappers [discriminating, file-gav, file-hgav, file-static, gav, static]
[DEBUG] Shutting down 'file-lock' factory
[DEBUG] Shutting down 'rwlock-local' factory
[DEBUG] Shutting down 'semaphore-local' factory
[DEBUG] Shutting down 'noop' factory
